{"meta": {"format": 3, "version": "7.13.4", "timestamp": "2026-02-24T11:00:04.246549", "branch_coverage": false, "show_contexts": false}, "files": {"src/vibe_quality_searcharr/__init__.py": {"executed_lines": [3, 4, 5], "summary": {"covered_lines": 3, "num_statements": 3, "percent_covered": 100.0, "percent_covered_display": "100", "missing_lines": 0, "excluded_lines": 0, "percent_statements_covered": 100.0, "percent_statements_covered_display": "100"}, "missing_lines": [], "excluded_lines": [], "functions": {"": {"executed_lines": [3, 4, 5], "summary": {"covered_lines": 3, "num_statements": 3, "percent_covered": 100.0, "percent_covered_display": "100", "missing_lines": 0, "excluded_lines": 0, "percent_statements_covered": 100.0, "percent_statements_covered_display": "100"}, "missing_lines": [], "excluded_lines": [], "start_line": 1}}, "classes": {"": {"executed_lines": [3, 4, 5], "summary": {"covered_lines": 3, "num_statements": 3, "percent_covered": 100.0, "percent_covered_display": "100", "missing_lines": 0, "excluded_lines": 0, "percent_statements_covered": 100.0, "percent_statements_covered_display": "100"}, "missing_lines": [], "excluded_lines": [], "start_line": 1}}}, "src/vibe_quality_searcharr/api/__init__.py": {"executed_lines": [7, 8, 9, 10, 12], "summary": {"covered_lines": 5, "num_statements": 5, "percent_covered": 100.0, "percent_covered_display": "100", "missing_lines": 0, "excluded_lines": 0, "percent_statements_covered": 100.0, "percent_statements_covered_display": "100"}, "missing_lines": [], "excluded_lines": [], "functions": {"": {"executed_lines": [7, 8, 9, 10, 12], "summary": {"covered_lines": 5, "num_statements": 5, "percent_covered": 100.0, "percent_covered_display": "100", "missing_lines": 0, "excluded_lines": 0, "percent_statements_covered": 100.0, "percent_statements_covered_display": "100"}, "missing_lines": [], "excluded_lines": [], "start_line": 1}}, "classes": {"": {"executed_lines": [7, 8, 9, 10, 12], "summary": {"covered_lines": 5, "num_statements": 5, "percent_covered": 100.0, "percent_covered_display": "100", "missing_lines": 0, "excluded_lines": 0, "percent_statements_covered": 100.0, "percent_statements_covered_display": "100"}, "missing_lines": [], "excluded_lines": [], "start_line": 1}}}, "src/vibe_quality_searcharr/api/auth.py": {"executed_lines": [15, 16, 18, 19, 20, 21, 22, 24, 25, 40, 41, 42, 43, 55, 58, 61, 67, 86, 129, 141, 161, 162, 192, 199, 200, 298, 304, 305, 403, 409, 459, 465, 466, 536, 542, 619, 625, 712, 718, 805, 811], "summary": {"covered_lines": 41, "num_statements": 217, "percent_covered": 18.89400921658986, "percent_covered_display": "19", "missing_lines": 176, "excluded_lines": 0, "percent_statements_covered": 18.89400921658986, "percent_statements_covered_display": "19"}, "missing_lines": [79, 80, 82, 83, 105, 116, 126, 136, 137, 138, 167, 168, 169, 171, 172, 177, 178, 183, 185, 186, 227, 229, 230, 231, 236, 242, 243, 244, 248, 254, 257, 264, 265, 266, 268, 276, 287, 288, 289, 290, 291, 292, 333, 335, 338, 339, 340, 341, 346, 347, 357, 358, 359, 367, 369, 377, 393, 394, 395, 396, 397, 432, 434, 437, 438, 439, 442, 443, 444, 445, 447, 449, 451, 452, 453, 494, 495, 496, 502, 503, 506, 507, 513, 514, 520, 522, 524, 526, 527, 528, 529, 530, 567, 568, 569, 575, 577, 578, 579, 580, 586, 587, 588, 594, 595, 601, 603, 609, 610, 611, 612, 613, 652, 653, 654, 660, 662, 663, 664, 665, 671, 672, 673, 695, 697, 702, 703, 704, 705, 706, 744, 745, 746, 752, 754, 755, 756, 757, 763, 764, 765, 771, 772, 789, 791, 795, 796, 797, 798, 799, 838, 839, 840, 846, 848, 849, 850, 851, 857, 858, 859, 865, 866, 867, 873, 876, 877, 880, 882, 884, 889, 890, 891, 892, 893, 894], "excluded_lines": [], "functions": {"get_client_ip": {"executed_lines": [], "summary": {"covered_lines": 0, "num_statements": 4, "percent_covered": 0.0, "percent_covered_display": "0", "missing_lines": 4, "excluded_lines": 0, "percent_statements_covered": 0.0, "percent_statements_covered_display": "0"}, "missing_lines": [79, 80, 82, 83], "excluded_lines": [], "start_line": 67}, "set_auth_cookies": {"executed_lines": [], "summary": {"covered_lines": 0, "num_statements": 3, "percent_covered": 0.0, "percent_covered_display": "0", "missing_lines": 3, "excluded_lines": 0, "percent_statements_covered": 0.0, "percent_statements_covered_display": "0"}, "missing_lines": [105, 116, 126], "excluded_lines": [], "start_line": 86}, "clear_auth_cookies": {"executed_lines": [], "summary": {"covered_lines": 0, "num_statements": 3, "percent_covered": 0.0, "percent_covered_display": "0", "missing_lines": 3, "excluded_lines": 0, "percent_statements_covered": 0.0, "percent_statements_covered_display": "0"}, "missing_lines": [136, 137, 138], "excluded_lines": [], "start_line": 129}, "get_current_user": {"executed_lines": [161, 162], "summary": {"covered_lines": 2, "num_statements": 12, "percent_covered": 16.666666666666668, "percent_covered_display": "17", "missing_lines": 10, "excluded_lines": 0, "percent_statements_covered": 16.666666666666668, "percent_statements_covered_display": "17"}, "missing_lines": [167, 168, 169, 171, 172, 177, 178, 183, 185, 186], "excluded_lines": [], "start_line": 141}, "register": {"executed_lines": [], "summary": {"covered_lines": 0, "num_statements": 22, "percent_covered": 0.0, "percent_covered_display": "0", "missing_lines": 22, "excluded_lines": 0, "percent_statements_covered": 0.0, "percent_statements_covered_display": "0"}, "missing_lines": [227, 229, 230, 231, 236, 242, 243, 244, 248, 254, 257, 264, 265, 266, 268, 276, 287, 288, 289, 290, 291, 292], "excluded_lines": [], "start_line": 200}, "login": {"executed_lines": [], "summary": {"covered_lines": 0, "num_statements": 19, "percent_covered": 0.0, "percent_covered_display": "0", "missing_lines": 19, "excluded_lines": 0, "percent_statements_covered": 0.0, "percent_statements_covered_display": "0"}, "missing_lines": [333, 335, 338, 339, 340, 341, 346, 347, 357, 358, 359, 367, 369, 377, 393, 394, 395, 396, 397], "excluded_lines": [], "start_line": 305}, "logout": {"executed_lines": [], "summary": {"covered_lines": 0, "num_statements": 14, "percent_covered": 0.0, "percent_covered_display": "0", "missing_lines": 14, "excluded_lines": 0, "percent_statements_covered": 0.0, "percent_statements_covered_display": "0"}, "missing_lines": [432, 434, 437, 438, 439, 442, 443, 444, 445, 447, 449, 451, 452, 453], "excluded_lines": [], "start_line": 409}, "refresh": {"executed_lines": [], "summary": {"covered_lines": 0, "num_statements": 17, "percent_covered": 0.0, "percent_covered_display": "0", "missing_lines": 17, "excluded_lines": 0, "percent_statements_covered": 0.0, "percent_statements_covered_display": "0"}, "missing_lines": [494, 495, 496, 502, 503, 506, 507, 513, 514, 520, 522, 524, 526, 527, 528, 529, 530], "excluded_lines": [], "start_line": 466}, "setup_2fa": {"executed_lines": [], "summary": {"covered_lines": 0, "num_statements": 20, "percent_covered": 0.0, "percent_covered_display": "0", "missing_lines": 20, "excluded_lines": 0, "percent_statements_covered": 0.0, "percent_statements_covered_display": "0"}, "missing_lines": [567, 568, 569, 575, 577, 578, 579, 580, 586, 587, 588, 594, 595, 601, 603, 609, 610, 611, 612, 613], "excluded_lines": [], "start_line": 542}, "verify_2fa": {"executed_lines": [], "summary": {"covered_lines": 0, "num_statements": 18, "percent_covered": 0.0, "percent_covered_display": "0", "missing_lines": 18, "excluded_lines": 0, "percent_statements_covered": 0.0, "percent_statements_covered_display": "0"}, "missing_lines": [652, 653, 654, 660, 662, 663, 664, 665, 671, 672, 673, 695, 697, 702, 703, 704, 705, 706], "excluded_lines": [], "start_line": 625}, "disable_2fa": {"executed_lines": [], "summary": {"covered_lines": 0, "num_statements": 20, "percent_covered": 0.0, "percent_covered_display": "0", "missing_lines": 20, "excluded_lines": 0, "percent_statements_covered": 0.0, "percent_statements_covered_display": "0"}, "missing_lines": [744, 745, 746, 752, 754, 755, 756, 757, 763, 764, 765, 771, 772, 789, 791, 795, 796, 797, 798, 799], "excluded_lines": [], "start_line": 718}, "change_password": {"executed_lines": [], "summary": {"covered_lines": 0, "num_statements": 26, "percent_covered": 0.0, "percent_covered_display": "0", "missing_lines": 26, "excluded_lines": 0, "percent_statements_covered": 0.0, "percent_statements_covered_display": "0"}, "missing_lines": [838, 839, 840, 846, 848, 849, 850, 851, 857, 858, 859, 865, 866, 867, 873, 876, 877, 880, 882, 884, 889, 890, 891, 892, 893, 894], "excluded_lines": [], "start_line": 811}, "": {"executed_lines": [15, 16, 18, 19, 20, 21, 22, 24, 25, 40, 41, 42, 43, 55, 58, 61, 67, 86, 129, 141, 192, 199, 200, 298, 304, 305, 403, 409, 459, 465, 466, 536, 542, 619, 625, 712, 718, 805, 811], "summary": {"covered_lines": 39, "num_statements": 39, "percent_covered": 100.0, "percent_covered_display": "100", "missing_lines": 0, "excluded_lines": 0, "percent_statements_covered": 100.0, "percent_statements_covered_display": "100"}, "missing_lines": [], "excluded_lines": [], "start_line": 1}}, "classes": {"": {"executed_lines": [15, 16, 18, 19, 20, 21, 22, 24, 25, 40, 41, 42, 43, 55, 58, 61, 67, 86, 129, 141, 161, 162, 192, 199, 200, 298, 304, 305, 403, 409, 459, 465, 466, 536, 542, 619, 625, 712, 718, 805, 811], "summary": {"covered_lines": 41, "num_statements": 217, "percent_covered": 18.89400921658986, "percent_covered_display": "19", "missing_lines": 176, "excluded_lines": 0, "percent_statements_covered": 18.89400921658986, "percent_statements_covered_display": "19"}, "missing_lines": [79, 80, 82, 83, 105, 116, 126, 136, 137, 138, 167, 168, 169, 171, 172, 177, 178, 183, 185, 186, 227, 229, 230, 231, 236, 242, 243, 244, 248, 254, 257, 264, 265, 266, 268, 276, 287, 288, 289, 290, 291, 292, 333, 335, 338, 339, 340, 341, 346, 347, 357, 358, 359, 367, 369, 377, 393, 394, 395, 396, 397, 432, 434, 437, 438, 439, 442, 443, 444, 445, 447, 449, 451, 452, 453, 494, 495, 496, 502, 503, 506, 507, 513, 514, 520, 522, 524, 526, 527, 528, 529, 530, 567, 568, 569, 575, 577, 578, 579, 580, 586, 587, 588, 594, 595, 601, 603, 609, 610, 611, 612, 613, 652, 653, 654, 660, 662, 663, 664, 665, 671, 672, 673, 695, 697, 702, 703, 704, 705, 706, 744, 745, 746, 752, 754, 755, 756, 757, 763, 764, 765, 771, 772, 789, 791, 795, 796, 797, 798, 799, 838, 839, 840, 846, 848, 849, 850, 851, 857, 858, 859, 865, 866, 867, 873, 876, 877, 880, 882, 884, 889, 890, 891, 892, 893, 894], "excluded_lines": [], "start_line": 1}}}, "src/vibe_quality_searcharr/api/dashboard.py": {"executed_lines": [17, 18, 20, 21, 22, 23, 24, 25, 27, 28, 29, 35, 36, 37, 38, 39, 40, 41, 42, 44, 47, 50, 53, 56, 61, 84, 139, 140, 180, 181, 219, 220, 242, 243, 262, 263, 357, 358, 371, 372, 472, 473, 491, 492, 524, 525, 550, 551, 585, 586, 635, 636, 657, 745, 746, 759, 760], "summary": {"covered_lines": 57, "num_statements": 199, "percent_covered": 28.64321608040201, "percent_covered_display": "29", "missing_lines": 142, "excluded_lines": 0, "percent_statements_covered": 28.64321608040201, "percent_statements_covered_display": "29"}, "missing_lines": [63, 64, 66, 67, 69, 70, 71, 72, 73, 74, 75, 76, 77, 78, 79, 81, 103, 104, 109, 110, 111, 113, 114, 119, 120, 125, 127, 128, 153, 155, 156, 159, 160, 162, 163, 164, 166, 167, 168, 169, 172, 192, 194, 195, 198, 199, 200, 201, 203, 204, 205, 206, 208, 230, 232, 233, 234, 236, 251, 253, 254, 256, 275, 277, 278, 281, 282, 294, 295, 306, 308, 311, 318, 319, 320, 322, 325, 326, 334, 338, 340, 342, 343, 344, 345, 365, 384, 386, 387, 401, 402, 403, 404, 406, 407, 408, 409, 424, 425, 428, 437, 438, 439, 441, 449, 454, 455, 456, 457, 480, 501, 504, 513, 533, 540, 559, 568, 574, 597, 600, 608, 619, 621, 643, 665, 667, 674, 681, 693, 694, 696, 703, 711, 722, 726, 755, 756, 770, 779, 780, 781, 792], "excluded_lines": [], "functions": {"_timeago": {"executed_lines": [], "summary": {"covered_lines": 0, "num_statements": 16, "percent_covered": 0.0, "percent_covered_display": "0", "missing_lines": 16, "excluded_lines": 0, "percent_statements_covered": 0.0, "percent_statements_covered_display": "0"}, "missing_lines": [63, 64, 66, 67, 69, 70, 71, 72, 73, 74, 75, 76, 77, 78, 79, 81], "excluded_lines": [], "start_line": 61}, "get_current_user_from_cookie": {"executed_lines": [], "summary": {"covered_lines": 0, "num_statements": 12, "percent_covered": 0.0, "percent_covered_display": "0", "missing_lines": 12, "excluded_lines": 0, "percent_statements_covered": 0.0, "percent_statements_covered_display": "0"}, "missing_lines": [103, 104, 109, 110, 111, 113, 114, 119, 120, 125, 127, 128], "excluded_lines": [], "start_line": 84}, "root": {"executed_lines": [], "summary": {"covered_lines": 0, "num_statements": 13, "percent_covered": 0.0, "percent_covered_display": "0", "missing_lines": 13, "excluded_lines": 0, "percent_statements_covered": 0.0, "percent_statements_covered_display": "0"}, "missing_lines": [153, 155, 156, 159, 160, 162, 163, 164, 166, 167, 168, 169, 172], "excluded_lines": [], "start_line": 140}, "login_page": {"executed_lines": [], "summary": {"covered_lines": 0, "num_statements": 12, "percent_covered": 0.0, "percent_covered_display": "0", "missing_lines": 12, "excluded_lines": 0, "percent_statements_covered": 0.0, "percent_statements_covered_display": "0"}, "missing_lines": [192, 194, 195, 198, 199, 200, 201, 203, 204, 205, 206, 208], "excluded_lines": [], "start_line": 181}, "setup_wizard": {"executed_lines": [], "summary": {"covered_lines": 0, "num_statements": 5, "percent_covered": 0.0, "percent_covered_display": "0", "missing_lines": 5, "excluded_lines": 0, "percent_statements_covered": 0.0, "percent_statements_covered_display": "0"}, "missing_lines": [230, 232, 233, 234, 236], "excluded_lines": [], "start_line": 220}, "setup_admin_page": {"executed_lines": [], "summary": {"covered_lines": 0, "num_statements": 4, "percent_covered": 0.0, "percent_covered_display": "0", "missing_lines": 4, "excluded_lines": 0, "percent_statements_covered": 0.0, "percent_statements_covered_display": "0"}, "missing_lines": [251, 253, 254, 256], "excluded_lines": [], "start_line": 243}, "setup_admin_create": {"executed_lines": [], "summary": {"covered_lines": 0, "num_statements": 23, "percent_covered": 0.0, "percent_covered_display": "0", "missing_lines": 23, "excluded_lines": 0, "percent_statements_covered": 0.0, "percent_statements_covered_display": "0"}, "missing_lines": [275, 277, 278, 281, 282, 294, 295, 306, 308, 311, 318, 319, 320, 322, 325, 326, 334, 338, 340, 342, 343, 344, 345], "excluded_lines": [], "start_line": 263}, "setup_instance_page": {"executed_lines": [], "summary": {"covered_lines": 0, "num_statements": 1, "percent_covered": 0.0, "percent_covered_display": "0", "missing_lines": 1, "excluded_lines": 0, "percent_statements_covered": 0.0, "percent_statements_covered_display": "0"}, "missing_lines": [365], "excluded_lines": [], "start_line": 358}, "setup_instance_create": {"executed_lines": [], "summary": {"covered_lines": 0, "num_statements": 23, "percent_covered": 0.0, "percent_covered_display": "0", "missing_lines": 23, "excluded_lines": 0, "percent_statements_covered": 0.0, "percent_statements_covered_display": "0"}, "missing_lines": [384, 386, 387, 401, 402, 403, 404, 406, 407, 408, 409, 424, 425, 428, 437, 438, 439, 441, 449, 454, 455, 456, 457], "excluded_lines": [], "start_line": 372}, "setup_complete": {"executed_lines": [], "summary": {"covered_lines": 0, "num_statements": 1, "percent_covered": 0.0, "percent_covered_display": "0", "missing_lines": 1, "excluded_lines": 0, "percent_statements_covered": 0.0, "percent_statements_covered_display": "0"}, "missing_lines": [480], "excluded_lines": [], "start_line": 473}, "dashboard_index": {"executed_lines": [], "summary": {"covered_lines": 0, "num_statements": 3, "percent_covered": 0.0, "percent_covered_display": "0", "missing_lines": 3, "excluded_lines": 0, "percent_statements_covered": 0.0, "percent_statements_covered_display": "0"}, "missing_lines": [501, 504, 513], "excluded_lines": [], "start_line": 492}, "dashboard_instances": {"executed_lines": [], "summary": {"covered_lines": 0, "num_statements": 2, "percent_covered": 0.0, "percent_covered_display": "0", "missing_lines": 2, "excluded_lines": 0, "percent_statements_covered": 0.0, "percent_statements_covered_display": "0"}, "missing_lines": [533, 540], "excluded_lines": [], "start_line": 525}, "dashboard_search_queues": {"executed_lines": [], "summary": {"covered_lines": 0, "num_statements": 3, "percent_covered": 0.0, "percent_covered_display": "0", "missing_lines": 3, "excluded_lines": 0, "percent_statements_covered": 0.0, "percent_statements_covered_display": "0"}, "missing_lines": [559, 568, 574], "excluded_lines": [], "start_line": 551}, "dashboard_search_history": {"executed_lines": [], "summary": {"covered_lines": 0, "num_statements": 5, "percent_covered": 0.0, "percent_covered_display": "0", "missing_lines": 5, "excluded_lines": 0, "percent_statements_covered": 0.0, "percent_statements_covered_display": "0"}, "missing_lines": [597, 600, 608, 619, 621], "excluded_lines": [], "start_line": 586}, "dashboard_settings": {"executed_lines": [], "summary": {"covered_lines": 0, "num_statements": 1, "percent_covered": 0.0, "percent_covered_display": "0", "missing_lines": 1, "excluded_lines": 0, "percent_statements_covered": 0.0, "percent_statements_covered_display": "0"}, "missing_lines": [643], "excluded_lines": [], "start_line": 636}, "get_dashboard_stats": {"executed_lines": [], "summary": {"covered_lines": 0, "num_statements": 11, "percent_covered": 0.0, "percent_covered_display": "0", "missing_lines": 11, "excluded_lines": 0, "percent_statements_covered": 0.0, "percent_statements_covered_display": "0"}, "missing_lines": [665, 667, 674, 681, 693, 694, 696, 703, 711, 722, 726], "excluded_lines": [], "start_line": 657}, "api_dashboard_stats": {"executed_lines": [], "summary": {"covered_lines": 0, "num_statements": 2, "percent_covered": 0.0, "percent_covered_display": "0", "missing_lines": 2, "excluded_lines": 0, "percent_statements_covered": 0.0, "percent_statements_covered_display": "0"}, "missing_lines": [755, 756], "excluded_lines": [], "start_line": 746}, "api_dashboard_activity": {"executed_lines": [], "summary": {"covered_lines": 0, "num_statements": 5, "percent_covered": 0.0, "percent_covered_display": "0", "missing_lines": 5, "excluded_lines": 0, "percent_statements_covered": 0.0, "percent_statements_covered_display": "0"}, "missing_lines": [770, 779, 780, 781, 792], "excluded_lines": [], "start_line": 760}, "": {"executed_lines": [17, 18, 20, 21, 22, 23, 24, 25, 27, 28, 29, 35, 36, 37, 38, 39, 40, 41, 42, 44, 47, 50, 53, 56, 61, 84, 139, 140, 180, 181, 219, 220, 242, 243, 262, 263, 357, 358, 371, 372, 472, 473, 491, 492, 524, 525, 550, 551, 585, 586, 635, 636, 657, 745, 746, 759, 760], "summary": {"covered_lines": 57, "num_statements": 57, "percent_covered": 100.0, "percent_covered_display": "100", "missing_lines": 0, "excluded_lines": 0, "percent_statements_covered": 100.0, "percent_statements_covered_display": "100"}, "missing_lines": [], "excluded_lines": [], "start_line": 1}}, "classes": {"": {"executed_lines": [17, 18, 20, 21, 22, 23, 24, 25, 27, 28, 29, 35, 36, 37, 38, 39, 40, 41, 42, 44, 47, 50, 53, 56, 61, 84, 139, 140, 180, 181, 219, 220, 242, 243, 262, 263, 357, 358, 371, 372, 472, 473, 491, 492, 524, 525, 550, 551, 585, 586, 635, 636, 657, 745, 746, 759, 760], "summary": {"covered_lines": 57, "num_statements": 199, "percent_covered": 28.64321608040201, "percent_covered_display": "29", "missing_lines": 142, "excluded_lines": 0, "percent_statements_covered": 28.64321608040201, "percent_statements_covered_display": "29"}, "missing_lines": [63, 64, 66, 67, 69, 70, 71, 72, 73, 74, 75, 76, 77, 78, 79, 81, 103, 104, 109, 110, 111, 113, 114, 119, 120, 125, 127, 128, 153, 155, 156, 159, 160, 162, 163, 164, 166, 167, 168, 169, 172, 192, 194, 195, 198, 199, 200, 201, 203, 204, 205, 206, 208, 230, 232, 233, 234, 236, 251, 253, 254, 256, 275, 277, 278, 281, 282, 294, 295, 306, 308, 311, 318, 319, 320, 322, 325, 326, 334, 338, 340, 342, 343, 344, 345, 365, 384, 386, 387, 401, 402, 403, 404, 406, 407, 408, 409, 424, 425, 428, 437, 438, 439, 441, 449, 454, 455, 456, 457, 480, 501, 504, 513, 533, 540, 559, 568, 574, 597, 600, 608, 619, 621, 643, 665, 667, 674, 681, 693, 694, 696, 703, 711, 722, 726, 755, 756, 770, 779, 780, 781, 792], "excluded_lines": [], "start_line": 1}}}, "src/vibe_quality_searcharr/api/instances.py": {"executed_lines": [15, 17, 18, 19, 20, 21, 22, 24, 25, 26, 27, 28, 29, 35, 36, 38, 41, 47, 51, 54, 105, 134, 141, 142, 256, 262, 263, 297, 303, 304, 354, 360, 361, 473, 479, 480, 548, 554, 555, 675, 680, 681], "summary": {"covered_lines": 42, "num_statements": 191, "percent_covered": 21.98952879581152, "percent_covered_display": "22", "missing_lines": 149, "excluded_lines": 0, "percent_statements_covered": 21.98952879581152, "percent_statements_covered_display": "22"}, "missing_lines": [71, 73, 75, 76, 79, 80, 81, 82, 87, 88, 89, 94, 96, 97, 98, 117, 166, 168, 177, 178, 183, 189, 192, 204, 205, 206, 208, 217, 218, 225, 226, 231, 232, 238, 240, 241, 242, 243, 244, 245, 250, 281, 288, 294, 325, 334, 335, 340, 345, 351, 386, 387, 396, 397, 402, 408, 410, 412, 421, 422, 426, 428, 429, 431, 433, 435, 436, 438, 439, 441, 442, 444, 445, 447, 454, 456, 457, 458, 459, 460, 461, 467, 500, 501, 510, 511, 516, 521, 522, 524, 531, 532, 533, 534, 535, 536, 542, 579, 580, 589, 590, 595, 601, 604, 605, 613, 622, 623, 626, 627, 628, 630, 631, 633, 635, 642, 650, 651, 656, 660, 661, 662, 663, 669, 705, 706, 715, 716, 721, 727, 730, 731, 739, 748, 749, 750, 753, 754, 757, 759, 766, 780, 781, 786, 790, 791, 792, 793, 799], "excluded_lines": [], "functions": {"get_current_user": {"executed_lines": [], "summary": {"covered_lines": 0, "num_statements": 15, "percent_covered": 0.0, "percent_covered_display": "0", "missing_lines": 15, "excluded_lines": 0, "percent_statements_covered": 0.0, "percent_statements_covered_display": "0"}, "missing_lines": [71, 73, 75, 76, 79, 80, 81, 82, 87, 88, 89, 94, 96, 97, 98], "excluded_lines": [], "start_line": 54}, "instance_to_response": {"executed_lines": [], "summary": {"covered_lines": 0, "num_statements": 1, "percent_covered": 0.0, "percent_covered_display": "0", "missing_lines": 1, "excluded_lines": 0, "percent_statements_covered": 0.0, "percent_statements_covered_display": "0"}, "missing_lines": [117], "excluded_lines": [], "start_line": 105}, "create_instance": {"executed_lines": [], "summary": {"covered_lines": 0, "num_statements": 25, "percent_covered": 0.0, "percent_covered_display": "0", "missing_lines": 25, "excluded_lines": 0, "percent_statements_covered": 0.0, "percent_statements_covered_display": "0"}, "missing_lines": [166, 168, 177, 178, 183, 189, 192, 204, 205, 206, 208, 217, 218, 225, 226, 231, 232, 238, 240, 241, 242, 243, 244, 245, 250], "excluded_lines": [], "start_line": 142}, "list_instances": {"executed_lines": [], "summary": {"covered_lines": 0, "num_statements": 3, "percent_covered": 0.0, "percent_covered_display": "0", "missing_lines": 3, "excluded_lines": 0, "percent_statements_covered": 0.0, "percent_statements_covered_display": "0"}, "missing_lines": [281, 288, 294], "excluded_lines": [], "start_line": 263}, "get_instance": {"executed_lines": [], "summary": {"covered_lines": 0, "num_statements": 6, "percent_covered": 0.0, "percent_covered_display": "0", "missing_lines": 6, "excluded_lines": 0, "percent_statements_covered": 0.0, "percent_statements_covered_display": "0"}, "missing_lines": [325, 334, 335, 340, 345, 351], "excluded_lines": [], "start_line": 304}, "update_instance": {"executed_lines": [], "summary": {"covered_lines": 0, "num_statements": 32, "percent_covered": 0.0, "percent_covered_display": "0", "missing_lines": 32, "excluded_lines": 0, "percent_statements_covered": 0.0, "percent_statements_covered_display": "0"}, "missing_lines": [386, 387, 396, 397, 402, 408, 410, 412, 421, 422, 426, 428, 429, 431, 433, 435, 436, 438, 439, 441, 442, 444, 445, 447, 454, 456, 457, 458, 459, 460, 461, 467], "excluded_lines": [], "start_line": 361}, "delete_instance": {"executed_lines": [], "summary": {"covered_lines": 0, "num_statements": 15, "percent_covered": 0.0, "percent_covered_display": "0", "missing_lines": 15, "excluded_lines": 0, "percent_statements_covered": 0.0, "percent_statements_covered_display": "0"}, "missing_lines": [500, 501, 510, 511, 516, 521, 522, 524, 531, 532, 533, 534, 535, 536, 542], "excluded_lines": [], "start_line": 480}, "test_instance_connection": {"executed_lines": [], "summary": {"covered_lines": 0, "num_statements": 27, "percent_covered": 0.0, "percent_covered_display": "0", "missing_lines": 27, "excluded_lines": 0, "percent_statements_covered": 0.0, "percent_statements_covered_display": "0"}, "missing_lines": [579, 580, 589, 590, 595, 601, 604, 605, 613, 622, 623, 626, 627, 628, 630, 631, 633, 635, 642, 650, 651, 656, 660, 661, 662, 663, 669], "excluded_lines": [], "start_line": 555}, "check_configuration_drift": {"executed_lines": [], "summary": {"covered_lines": 0, "num_statements": 25, "percent_covered": 0.0, "percent_covered_display": "0", "missing_lines": 25, "excluded_lines": 0, "percent_statements_covered": 0.0, "percent_statements_covered_display": "0"}, "missing_lines": [705, 706, 715, 716, 721, 727, 730, 731, 739, 748, 749, 750, 753, 754, 757, 759, 766, 780, 781, 786, 790, 791, 792, 793, 799], "excluded_lines": [], "start_line": 681}, "": {"executed_lines": [15, 17, 18, 19, 20, 21, 22, 24, 25, 26, 27, 28, 29, 35, 36, 38, 41, 47, 51, 54, 105, 134, 141, 142, 256, 262, 263, 297, 303, 304, 354, 360, 361, 473, 479, 480, 548, 554, 555, 675, 680, 681], "summary": {"covered_lines": 42, "num_statements": 42, "percent_covered": 100.0, "percent_covered_display": "100", "missing_lines": 0, "excluded_lines": 0, "percent_statements_covered": 100.0, "percent_statements_covered_display": "100"}, "missing_lines": [], "excluded_lines": [], "start_line": 1}}, "classes": {"": {"executed_lines": [15, 17, 18, 19, 20, 21, 22, 24, 25, 26, 27, 28, 29, 35, 36, 38, 41, 47, 51, 54, 105, 134, 141, 142, 256, 262, 263, 297, 303, 304, 354, 360, 361, 473, 479, 480, 548, 554, 555, 675, 680, 681], "summary": {"covered_lines": 42, "num_statements": 191, "percent_covered": 21.98952879581152, "percent_covered_display": "22", "missing_lines": 149, "excluded_lines": 0, "percent_statements_covered": 21.98952879581152, "percent_statements_covered_display": "22"}, "missing_lines": [71, 73, 75, 76, 79, 80, 81, 82, 87, 88, 89, 94, 96, 97, 98, 117, 166, 168, 177, 178, 183, 189, 192, 204, 205, 206, 208, 217, 218, 225, 226, 231, 232, 238, 240, 241, 242, 243, 244, 245, 250, 281, 288, 294, 325, 334, 335, 340, 345, 351, 386, 387, 396, 397, 402, 408, 410, 412, 421, 422, 426, 428, 429, 431, 433, 435, 436, 438, 439, 441, 442, 444, 445, 447, 454, 456, 457, 458, 459, 460, 461, 467, 500, 501, 510, 511, 516, 521, 522, 524, 531, 532, 533, 534, 535, 536, 542, 579, 580, 589, 590, 595, 601, 604, 605, 613, 622, 623, 626, 627, 628, 630, 631, 633, 635, 642, 650, 651, 656, 660, 661, 662, 663, 669, 705, 706, 715, 716, 721, 727, 730, 731, 739, 748, 749, 750, 753, 754, 757, 759, 766, 780, 781, 786, 790, 791, 792, 793, 799], "excluded_lines": [], "start_line": 1}}}, "src/vibe_quality_searcharr/api/search.py": {"executed_lines": [], "summary": {"covered_lines": 0, "num_statements": 0, "percent_covered": 100.0, "percent_covered_display": "100", "missing_lines": 0, "excluded_lines": 0, "percent_statements_covered": 100.0, "percent_statements_covered_display": "100"}, "missing_lines": [], "excluded_lines": [], "functions": {"": {"executed_lines": [], "summary": {"covered_lines": 0, "num_statements": 0, "percent_covered": 100.0, "percent_covered_display": "100", "missing_lines": 0, "excluded_lines": 0, "percent_statements_covered": 100.0, "percent_statements_covered_display": "100"}, "missing_lines": [], "excluded_lines": [], "start_line": 1}}, "classes": {"": {"executed_lines": [], "summary": {"covered_lines": 0, "num_statements": 0, "percent_covered": 100.0, "percent_covered_display": "100", "missing_lines": 0, "excluded_lines": 0, "percent_statements_covered": 100.0, "percent_statements_covered_display": "100"}, "missing_lines": [], "excluded_lines": [], "start_line": 1}}}, "src/vibe_quality_searcharr/api/search_history.py": {"executed_lines": [10, 11, 13, 14, 15, 17, 18, 19, 20, 21, 23, 25, 28, 34, 135, 141, 191, 197, 235, 241, 306, 312], "summary": {"covered_lines": 22, "num_statements": 97, "percent_covered": 22.68041237113402, "percent_covered_display": "23", "missing_lines": 75, "excluded_lines": 0, "percent_statements_covered": 22.68041237113402, "percent_statements_covered_display": "23"}, "missing_lines": [51, 53, 54, 56, 61, 62, 68, 71, 74, 75, 76, 86, 89, 92, 95, 106, 125, 126, 127, 128, 129, 153, 155, 156, 158, 163, 164, 170, 173, 179, 181, 182, 183, 184, 185, 208, 209, 211, 214, 216, 223, 227, 228, 229, 252, 254, 255, 257, 262, 263, 269, 272, 277, 296, 297, 298, 299, 300, 324, 326, 327, 329, 331, 332, 338, 343, 344, 350, 353, 359, 378, 379, 380, 381, 382], "excluded_lines": [], "functions": {"list_search_history": {"executed_lines": [], "summary": {"covered_lines": 0, "num_statements": 21, "percent_covered": 0.0, "percent_covered_display": "0", "missing_lines": 21, "excluded_lines": 0, "percent_statements_covered": 0.0, "percent_statements_covered_display": "0"}, "missing_lines": [51, 53, 54, 56, 61, 62, 68, 71, 74, 75, 76, 86, 89, 92, 95, 106, 125, 126, 127, 128, 129], "excluded_lines": [], "start_line": 34}, "get_search_statistics": {"executed_lines": [], "summary": {"covered_lines": 0, "num_statements": 14, "percent_covered": 0.0, "percent_covered_display": "0", "missing_lines": 14, "excluded_lines": 0, "percent_statements_covered": 0.0, "percent_statements_covered_display": "0"}, "missing_lines": [153, 155, 156, 158, 163, 164, 170, 173, 179, 181, 182, 183, 184, 185], "excluded_lines": [], "start_line": 141}, "cleanup_search_history": {"executed_lines": [], "summary": {"covered_lines": 0, "num_statements": 9, "percent_covered": 0.0, "percent_covered_display": "0", "missing_lines": 9, "excluded_lines": 0, "percent_statements_covered": 0.0, "percent_statements_covered_display": "0"}, "missing_lines": [208, 209, 211, 214, 216, 223, 227, 228, 229], "excluded_lines": [], "start_line": 197}, "get_recent_failures": {"executed_lines": [], "summary": {"covered_lines": 0, "num_statements": 14, "percent_covered": 0.0, "percent_covered_display": "0", "missing_lines": 14, "excluded_lines": 0, "percent_statements_covered": 0.0, "percent_statements_covered_display": "0"}, "missing_lines": [252, 254, 255, 257, 262, 263, 269, 272, 277, 296, 297, 298, 299, 300], "excluded_lines": [], "start_line": 241}, "get_queue_history": {"executed_lines": [], "summary": {"covered_lines": 0, "num_statements": 17, "percent_covered": 0.0, "percent_covered_display": "0", "missing_lines": 17, "excluded_lines": 0, "percent_statements_covered": 0.0, "percent_statements_covered_display": "0"}, "missing_lines": [324, 326, 327, 329, 331, 332, 338, 343, 344, 350, 353, 359, 378, 379, 380, 381, 382], "excluded_lines": [], "start_line": 312}, "": {"executed_lines": [10, 11, 13, 14, 15, 17, 18, 19, 20, 21, 23, 25, 28, 34, 135, 141, 191, 197, 235, 241, 306, 312], "summary": {"covered_lines": 22, "num_statements": 22, "percent_covered": 100.0, "percent_covered_display": "100", "missing_lines": 0, "excluded_lines": 0, "percent_statements_covered": 100.0, "percent_statements_covered_display": "100"}, "missing_lines": [], "excluded_lines": [], "start_line": 1}}, "classes": {"": {"executed_lines": [10, 11, 13, 14, 15, 17, 18, 19, 20, 21, 23, 25, 28, 34, 135, 141, 191, 197, 235, 241, 306, 312], "summary": {"covered_lines": 22, "num_statements": 97, "percent_covered": 22.68041237113402, "percent_covered_display": "23", "missing_lines": 75, "excluded_lines": 0, "percent_statements_covered": 22.68041237113402, "percent_statements_covered_display": "23"}, "missing_lines": [51, 53, 54, 56, 61, 62, 68, 71, 74, 75, 76, 86, 89, 92, 95, 106, 125, 126, 127, 128, 129, 153, 155, 156, 158, 163, 164, 170, 173, 179, 181, 182, 183, 184, 185, 208, 209, 211, 214, 216, 223, 227, 228, 229, 252, 254, 255, 257, 262, 263, 269, 272, 277, 296, 297, 298, 299, 300, 324, 326, 327, 329, 331, 332, 338, 343, 344, 350, 353, 359, 378, 379, 380, 381, 382], "excluded_lines": [], "start_line": 1}}}, "src/vibe_quality_searcharr/api/search_queue.py": {"executed_lines": [11, 13, 14, 15, 17, 18, 19, 20, 26, 28, 30, 33, 40, 132, 138, 186, 192, 251, 257, 358, 364, 429, 435, 498, 504, 569, 575, 640, 646], "summary": {"covered_lines": 29, "num_statements": 221, "percent_covered": 13.122171945701357, "percent_covered_display": "13", "missing_lines": 192, "excluded_lines": 0, "percent_statements_covered": 13.122171945701357, "percent_statements_covered_display": "13"}, "missing_lines": [51, 53, 55, 60, 61, 67, 79, 80, 83, 85, 86, 87, 89, 98, 99, 101, 102, 103, 104, 107, 122, 123, 124, 125, 126, 147, 149, 151, 156, 160, 178, 179, 180, 202, 204, 206, 208, 209, 215, 220, 221, 226, 241, 242, 243, 244, 245, 268, 270, 272, 274, 275, 281, 286, 287, 293, 294, 296, 297, 299, 300, 302, 303, 305, 306, 307, 308, 309, 311, 312, 314, 315, 317, 324, 325, 326, 328, 329, 330, 331, 333, 348, 349, 350, 351, 352, 374, 376, 378, 380, 381, 387, 392, 393, 399, 400, 402, 403, 404, 405, 408, 409, 411, 417, 419, 420, 421, 422, 423, 445, 447, 448, 450, 452, 453, 459, 464, 465, 471, 473, 474, 476, 483, 488, 489, 490, 491, 492, 514, 516, 518, 520, 521, 527, 532, 533, 539, 540, 543, 544, 546, 547, 548, 549, 551, 557, 559, 560, 561, 562, 563, 585, 587, 589, 591, 592, 598, 603, 604, 610, 611, 614, 615, 617, 618, 619, 620, 622, 628, 630, 631, 632, 633, 634, 656, 658, 659, 661, 663, 664, 670, 675, 676, 682, 684, 685, 687, 698, 699, 700, 701, 702], "excluded_lines": [], "functions": {"create_search_queue": {"executed_lines": [], "summary": {"covered_lines": 0, "num_statements": 25, "percent_covered": 0.0, "percent_covered_display": "0", "missing_lines": 25, "excluded_lines": 0, "percent_statements_covered": 0.0, "percent_statements_covered_display": "0"}, "missing_lines": [51, 53, 55, 60, 61, 67, 79, 80, 83, 85, 86, 87, 89, 98, 99, 101, 102, 103, 104, 107, 122, 123, 124, 125, 126], "excluded_lines": [], "start_line": 40}, "list_search_queues": {"executed_lines": [], "summary": {"covered_lines": 0, "num_statements": 8, "percent_covered": 0.0, "percent_covered_display": "0", "missing_lines": 8, "excluded_lines": 0, "percent_statements_covered": 0.0, "percent_statements_covered_display": "0"}, "missing_lines": [147, 149, 151, 156, 160, 178, 179, 180], "excluded_lines": [], "start_line": 138}, "get_search_queue": {"executed_lines": [], "summary": {"covered_lines": 0, "num_statements": 14, "percent_covered": 0.0, "percent_covered_display": "0", "missing_lines": 14, "excluded_lines": 0, "percent_statements_covered": 0.0, "percent_statements_covered_display": "0"}, "missing_lines": [202, 204, 206, 208, 209, 215, 220, 221, 226, 241, 242, 243, 244, 245], "excluded_lines": [], "start_line": 192}, "update_search_queue": {"executed_lines": [], "summary": {"covered_lines": 0, "num_statements": 39, "percent_covered": 0.0, "percent_covered_display": "0", "missing_lines": 39, "excluded_lines": 0, "percent_statements_covered": 0.0, "percent_statements_covered_display": "0"}, "missing_lines": [268, 270, 272, 274, 275, 281, 286, 287, 293, 294, 296, 297, 299, 300, 302, 303, 305, 306, 307, 308, 309, 311, 312, 314, 315, 317, 324, 325, 326, 328, 329, 330, 331, 333, 348, 349, 350, 351, 352], "excluded_lines": [], "start_line": 257}, "delete_search_queue": {"executed_lines": [], "summary": {"covered_lines": 0, "num_statements": 23, "percent_covered": 0.0, "percent_covered_display": "0", "missing_lines": 23, "excluded_lines": 0, "percent_statements_covered": 0.0, "percent_statements_covered_display": "0"}, "missing_lines": [374, 376, 378, 380, 381, 387, 392, 393, 399, 400, 402, 403, 404, 405, 408, 409, 411, 417, 419, 420, 421, 422, 423], "excluded_lines": [], "start_line": 364}, "start_search_queue": {"executed_lines": [], "summary": {"covered_lines": 0, "num_statements": 19, "percent_covered": 0.0, "percent_covered_display": "0", "missing_lines": 19, "excluded_lines": 0, "percent_statements_covered": 0.0, "percent_statements_covered_display": "0"}, "missing_lines": [445, 447, 448, 450, 452, 453, 459, 464, 465, 471, 473, 474, 476, 483, 488, 489, 490, 491, 492], "excluded_lines": [], "start_line": 435}, "pause_search_queue": {"executed_lines": [], "summary": {"covered_lines": 0, "num_statements": 23, "percent_covered": 0.0, "percent_covered_display": "0", "missing_lines": 23, "excluded_lines": 0, "percent_statements_covered": 0.0, "percent_statements_covered_display": "0"}, "missing_lines": [514, 516, 518, 520, 521, 527, 532, 533, 539, 540, 543, 544, 546, 547, 548, 549, 551, 557, 559, 560, 561, 562, 563], "excluded_lines": [], "start_line": 504}, "resume_search_queue": {"executed_lines": [], "summary": {"covered_lines": 0, "num_statements": 23, "percent_covered": 0.0, "percent_covered_display": "0", "missing_lines": 23, "excluded_lines": 0, "percent_statements_covered": 0.0, "percent_statements_covered_display": "0"}, "missing_lines": [585, 587, 589, 591, 592, 598, 603, 604, 610, 611, 614, 615, 617, 618, 619, 620, 622, 628, 630, 631, 632, 633, 634], "excluded_lines": [], "start_line": 575}, "get_queue_status": {"executed_lines": [], "summary": {"covered_lines": 0, "num_statements": 18, "percent_covered": 0.0, "percent_covered_display": "0", "missing_lines": 18, "excluded_lines": 0, "percent_statements_covered": 0.0, "percent_statements_covered_display": "0"}, "missing_lines": [656, 658, 659, 661, 663, 664, 670, 675, 676, 682, 684, 685, 687, 698, 699, 700, 701, 702], "excluded_lines": [], "start_line": 646}, "": {"executed_lines": [11, 13, 14, 15, 17, 18, 19, 20, 26, 28, 30, 33, 40, 132, 138, 186, 192, 251, 257, 358, 364, 429, 435, 498, 504, 569, 575, 640, 646], "summary": {"covered_lines": 29, "num_statements": 29, "percent_covered": 100.0, "percent_covered_display": "100", "missing_lines": 0, "excluded_lines": 0, "percent_statements_covered": 100.0, "percent_statements_covered_display": "100"}, "missing_lines": [], "excluded_lines": [], "start_line": 1}}, "classes": {"": {"executed_lines": [11, 13, 14, 15, 17, 18, 19, 20, 26, 28, 30, 33, 40, 132, 138, 186, 192, 251, 257, 358, 364, 429, 435, 498, 504, 569, 575, 640, 646], "summary": {"covered_lines": 29, "num_statements": 221, "percent_covered": 13.122171945701357, "percent_covered_display": "13", "missing_lines": 192, "excluded_lines": 0, "percent_statements_covered": 13.122171945701357, "percent_statements_covered_display": "13"}, "missing_lines": [51, 53, 55, 60, 61, 67, 79, 80, 83, 85, 86, 87, 89, 98, 99, 101, 102, 103, 104, 107, 122, 123, 124, 125, 126, 147, 149, 151, 156, 160, 178, 179, 180, 202, 204, 206, 208, 209, 215, 220, 221, 226, 241, 242, 243, 244, 245, 268, 270, 272, 274, 275, 281, 286, 287, 293, 294, 296, 297, 299, 300, 302, 303, 305, 306, 307, 308, 309, 311, 312, 314, 315, 317, 324, 325, 326, 328, 329, 330, 331, 333, 348, 349, 350, 351, 352, 374, 376, 378, 380, 381, 387, 392, 393, 399, 400, 402, 403, 404, 405, 408, 409, 411, 417, 419, 420, 421, 422, 423, 445, 447, 448, 450, 452, 453, 459, 464, 465, 471, 473, 474, 476, 483, 488, 489, 490, 491, 492, 514, 516, 518, 520, 521, 527, 532, 533, 539, 540, 543, 544, 546, 547, 548, 549, 551, 557, 559, 560, 561, 562, 563, 585, 587, 589, 591, 592, 598, 603, 604, 610, 611, 614, 615, 617, 618, 619, 620, 622, 628, 630, 631, 632, 633, 634, 656, 658, 659, 661, 663, 664, 670, 675, 676, 682, 684, 685, 687, 698, 699, 700, 701, 702], "excluded_lines": [], "start_line": 1}}}, "src/vibe_quality_searcharr/config.py": {"executed_lines": [11, 12, 13, 15, 16, 19, 30, 38, 42, 46, 52, 56, 60, 64, 70, 78, 82, 86, 91, 97, 105, 109, 113, 117, 121, 128, 132, 138, 144, 150, 154, 160, 166, 174, 178, 182, 188, 194, 202, 208, 216, 222, 229, 243, 244, 245, 248, 249, 250, 252, 266, 267, 271, 273, 275, 289, 290, 295, 297, 299, 306, 309, 312, 315, 320, 321, 333, 334, 335, 336, 341, 343, 344, 345, 347, 348, 352, 354, 355, 356, 358, 359, 361, 363, 364, 365, 367, 368, 369, 370, 374], "summary": {"covered_lines": 91, "num_statements": 100, "percent_covered": 91.0, "percent_covered_display": "91", "missing_lines": 9, "excluded_lines": 0, "percent_statements_covered": 91.0, "percent_statements_covered_display": "91"}, "missing_lines": [268, 272, 291, 296, 310, 337, 338, 349, 360], "excluded_lines": [], "functions": {"Settings.get_secret_key": {"executed_lines": [243, 244, 245, 248, 249, 250], "summary": {"covered_lines": 6, "num_statements": 6, "percent_covered": 100.0, "percent_covered_display": "100", "missing_lines": 0, "excluded_lines": 0, "percent_statements_covered": 100.0, "percent_statements_covered_display": "100"}, "missing_lines": [], "excluded_lines": [], "start_line": 229}, "Settings.get_pepper": {"executed_lines": [266, 267, 271, 273], "summary": {"covered_lines": 4, "num_statements": 6, "percent_covered": 66.66666666666667, "percent_covered_display": "67", "missing_lines": 2, "excluded_lines": 0, "percent_statements_covered": 66.66666666666667, "percent_statements_covered_display": "67"}, "missing_lines": [268, 272], "excluded_lines": [], "start_line": 252}, "Settings.get_database_key": {"executed_lines": [289, 290, 295, 297], "summary": {"covered_lines": 4, "num_statements": 6, "percent_covered": 66.66666666666667, "percent_covered_display": "67", "missing_lines": 2, "excluded_lines": 0, "percent_statements_covered": 66.66666666666667, "percent_statements_covered_display": "67"}, "missing_lines": [291, 296], "excluded_lines": [], "start_line": 275}, "Settings.get_database_url": {"executed_lines": [306, 309, 312, 315], "summary": {"covered_lines": 4, "num_statements": 5, "percent_covered": 80.0, "percent_covered_display": "80", "missing_lines": 1, "excluded_lines": 0, "percent_statements_covered": 80.0, "percent_statements_covered_display": "80"}, "missing_lines": [310], "excluded_lines": [], "start_line": 299}, "Settings._read_secret": {"executed_lines": [333, 334, 335, 336, 341], "summary": {"covered_lines": 5, "num_statements": 7, "percent_covered": 71.42857142857143, "percent_covered_display": "71", "missing_lines": 2, "excluded_lines": 0, "percent_statements_covered": 71.42857142857143, "percent_statements_covered_display": "71"}, "missing_lines": [337, 338], "excluded_lines": [], "start_line": 321}, "Settings.validate_environment": {"executed_lines": [347, 348, 352], "summary": {"covered_lines": 3, "num_statements": 4, "percent_covered": 75.0, "percent_covered_display": "75", "missing_lines": 1, "excluded_lines": 0, "percent_statements_covered": 75.0, "percent_statements_covered_display": "75"}, "missing_lines": [349], "excluded_lines": [], "start_line": 345}, "Settings.validate_reload": {"executed_lines": [358, 359, 361], "summary": {"covered_lines": 3, "num_statements": 4, "percent_covered": 75.0, "percent_covered_display": "75", "missing_lines": 1, "excluded_lines": 0, "percent_statements_covered": 75.0, "percent_statements_covered_display": "75"}, "missing_lines": [360], "excluded_lines": [], "start_line": 356}, "Settings.validate_secure_cookies": {"executed_lines": [367, 368, 369, 370], "summary": {"covered_lines": 4, "num_statements": 4, "percent_covered": 100.0, "percent_covered_display": "100", "missing_lines": 0, "excluded_lines": 0, "percent_statements_covered": 100.0, "percent_statements_covered_display": "100"}, "missing_lines": [], "excluded_lines": [], "start_line": 365}, "": {"executed_lines": [11, 12, 13, 15, 16, 19, 30, 38, 42, 46, 52, 56, 60, 64, 70, 78, 82, 86, 91, 97, 105, 109, 113, 117, 121, 128, 132, 138, 144, 150, 154, 160, 166, 174, 178, 182, 188, 194, 202, 208, 216, 222, 229, 252, 275, 299, 320, 321, 343, 344, 345, 354, 355, 356, 363, 364, 365, 374], "summary": {"covered_lines": 58, "num_statements": 58, "percent_covered": 100.0, "percent_covered_display": "100", "missing_lines": 0, "excluded_lines": 0, "percent_statements_covered": 100.0, "percent_statements_covered_display": "100"}, "missing_lines": [], "excluded_lines": [], "start_line": 1}}, "classes": {"Settings": {"executed_lines": [243, 244, 245, 248, 249, 250, 266, 267, 271, 273, 289, 290, 295, 297, 306, 309, 312, 315, 333, 334, 335, 336, 341, 347, 348, 352, 358, 359, 361, 367, 368, 369, 370], "summary": {"covered_lines": 33, "num_statements": 42, "percent_covered": 78.57142857142857, "percent_covered_display": "79", "missing_lines": 9, "excluded_lines": 0, "percent_statements_covered": 78.57142857142857, "percent_statements_covered_display": "79"}, "missing_lines": [268, 272, 291, 296, 310, 337, 338, 349, 360], "excluded_lines": [], "start_line": 19}, "": {"executed_lines": [11, 12, 13, 15, 16, 19, 30, 38, 42, 46, 52, 56, 60, 64, 70, 78, 82, 86, 91, 97, 105, 109, 113, 117, 121, 128, 132, 138, 144, 150, 154, 160, 166, 174, 178, 182, 188, 194, 202, 208, 216, 222, 229, 252, 275, 299, 320, 321, 343, 344, 345, 354, 355, 356, 363, 364, 365, 374], "summary": {"covered_lines": 58, "num_statements": 58, "percent_covered": 100.0, "percent_covered_display": "100", "missing_lines": 0, "excluded_lines": 0, "percent_statements_covered": 100.0, "percent_statements_covered_display": "100"}, "missing_lines": [], "excluded_lines": [], "start_line": 1}}}, "src/vibe_quality_searcharr/core/__init__.py": {"executed_lines": [], "summary": {"covered_lines": 0, "num_statements": 0, "percent_covered": 100.0, "percent_covered_display": "100", "missing_lines": 0, "excluded_lines": 0, "percent_statements_covered": 100.0, "percent_statements_covered_display": "100"}, "missing_lines": [], "excluded_lines": [], "functions": {"": {"executed_lines": [], "summary": {"covered_lines": 0, "num_statements": 0, "percent_covered": 100.0, "percent_covered_display": "100", "missing_lines": 0, "excluded_lines": 0, "percent_statements_covered": 100.0, "percent_statements_covered_display": "100"}, "missing_lines": [], "excluded_lines": [], "start_line": 1}}, "classes": {"": {"executed_lines": [], "summary": {"covered_lines": 0, "num_statements": 0, "percent_covered": 100.0, "percent_covered_display": "100", "missing_lines": 0, "excluded_lines": 0, "percent_statements_covered": 100.0, "percent_statements_covered_display": "100"}, "missing_lines": [], "excluded_lines": [], "start_line": 1}}}, "src/vibe_quality_searcharr/core/auth.py": {"executed_lines": [11, 12, 13, 15, 16, 17, 18, 20, 21, 22, 24, 27, 30, 33, 36, 39, 42, 45, 67, 69, 70, 73, 83, 84, 87, 93, 100, 107, 131, 133, 136, 137, 140, 149, 156, 163, 164, 165, 167, 174, 182, 198, 200, 207, 208, 211, 212, 214, 215, 216, 219, 236, 238, 245, 249, 250, 254, 256, 257, 258, 261, 262, 268, 270, 271, 273, 274, 275, 278, 302, 304, 307, 310, 311, 313, 316, 317, 321, 322, 329, 336, 344, 357, 359, 362, 363, 365, 373, 389, 391, 398, 399, 400, 401, 403, 405, 406, 414, 438, 440, 442, 443, 444, 447, 448, 453, 456, 457, 458, 461, 463, 467, 469, 475, 478, 479, 481, 488, 490, 492, 502, 509, 510, 511, 514, 528, 529, 533, 534, 537, 551, 552, 556, 558, 559, 561, 563, 570, 585, 586, 587, 589, 592, 594, 598, 615, 617, 623, 625, 626], "summary": {"covered_lines": 150, "num_statements": 185, "percent_covered": 81.08108108108108, "percent_covered_display": "81", "missing_lines": 35, "excluded_lines": 0, "percent_statements_covered": 81.08108108108108, "percent_statements_covered_display": "81"}, "missing_lines": [102, 103, 104, 176, 177, 178, 179, 246, 251, 318, 338, 339, 340, 341, 367, 368, 369, 370, 408, 409, 410, 411, 493, 494, 495, 496, 565, 566, 567, 590, 595, 628, 629, 630, 631], "excluded_lines": [], "functions": {"create_access_token": {"executed_lines": [67, 69, 70, 73, 83, 84, 87, 93, 100], "summary": {"covered_lines": 9, "num_statements": 12, "percent_covered": 75.0, "percent_covered_display": "75", "missing_lines": 3, "excluded_lines": 0, "percent_statements_covered": 75.0, "percent_statements_covered_display": "75"}, "missing_lines": [102, 103, 104], "excluded_lines": [], "start_line": 45}, "create_refresh_token": {"executed_lines": [131, 133, 136, 137, 140, 149, 156, 163, 164, 165, 167, 174], "summary": {"covered_lines": 12, "num_statements": 16, "percent_covered": 75.0, "percent_covered_display": "75", "missing_lines": 4, "excluded_lines": 0, "percent_statements_covered": 75.0, "percent_statements_covered_display": "75"}, "missing_lines": [176, 177, 178, 179], "excluded_lines": [], "start_line": 107}, "verify_access_token": {"executed_lines": [198, 200, 207, 208, 211, 212, 214, 215, 216], "summary": {"covered_lines": 9, "num_statements": 9, "percent_covered": 100.0, "percent_covered_display": "100", "missing_lines": 0, "excluded_lines": 0, "percent_statements_covered": 100.0, "percent_statements_covered_display": "100"}, "missing_lines": [], "excluded_lines": [], "start_line": 182}, "verify_refresh_token": {"executed_lines": [236, 238, 245, 249, 250, 254, 256, 257, 258, 261, 262, 268, 270, 271, 273, 274, 275], "summary": {"covered_lines": 17, "num_statements": 19, "percent_covered": 89.47368421052632, "percent_covered_display": "89", "missing_lines": 2, "excluded_lines": 0, "percent_statements_covered": 89.47368421052632, "percent_statements_covered_display": "89"}, "missing_lines": [246, 251], "excluded_lines": [], "start_line": 219}, "rotate_refresh_token": {"executed_lines": [302, 304, 307, 310, 311, 313, 316, 317, 321, 322, 329, 336], "summary": {"covered_lines": 12, "num_statements": 17, "percent_covered": 70.58823529411765, "percent_covered_display": "71", "missing_lines": 5, "excluded_lines": 0, "percent_statements_covered": 70.58823529411765, "percent_statements_covered_display": "71"}, "missing_lines": [318, 338, 339, 340, 341], "excluded_lines": [], "start_line": 278}, "revoke_refresh_token": {"executed_lines": [357, 359, 362, 363, 365], "summary": {"covered_lines": 5, "num_statements": 9, "percent_covered": 55.55555555555556, "percent_covered_display": "56", "missing_lines": 4, "excluded_lines": 0, "percent_statements_covered": 55.55555555555556, "percent_statements_covered_display": "56"}, "missing_lines": [367, 368, 369, 370], "excluded_lines": [], "start_line": 344}, "revoke_all_user_tokens": {"executed_lines": [389, 391, 398, 399, 400, 401, 403, 405, 406], "summary": {"covered_lines": 9, "num_statements": 13, "percent_covered": 69.23076923076923, "percent_covered_display": "69", "missing_lines": 4, "excluded_lines": 0, "percent_statements_covered": 69.23076923076923, "percent_statements_covered_display": "69"}, "missing_lines": [408, 409, 410, 411], "excluded_lines": [], "start_line": 373}, "authenticate_user": {"executed_lines": [438, 440, 442, 443, 444, 447, 448, 453, 456, 457, 458, 461, 463, 467, 469, 475, 478, 479, 481, 488, 490, 492], "summary": {"covered_lines": 22, "num_statements": 26, "percent_covered": 84.61538461538461, "percent_covered_display": "85", "missing_lines": 4, "excluded_lines": 0, "percent_statements_covered": 84.61538461538461, "percent_statements_covered_display": "85"}, "missing_lines": [493, 494, 495, 496], "excluded_lines": [], "start_line": 414}, "generate_totp_secret": {"executed_lines": [509, 510, 511], "summary": {"covered_lines": 3, "num_statements": 3, "percent_covered": 100.0, "percent_covered_display": "100", "missing_lines": 0, "excluded_lines": 0, "percent_statements_covered": 100.0, "percent_statements_covered_display": "100"}, "missing_lines": [], "excluded_lines": [], "start_line": 502}, "generate_totp_uri": {"executed_lines": [528, 529, 533, 534], "summary": {"covered_lines": 4, "num_statements": 4, "percent_covered": 100.0, "percent_covered_display": "100", "missing_lines": 0, "excluded_lines": 0, "percent_statements_covered": 100.0, "percent_statements_covered_display": "100"}, "missing_lines": [], "excluded_lines": [], "start_line": 514}, "verify_totp_code": {"executed_lines": [551, 552, 556, 558, 559, 561, 563], "summary": {"covered_lines": 7, "num_statements": 10, "percent_covered": 70.0, "percent_covered_display": "70", "missing_lines": 3, "excluded_lines": 0, "percent_statements_covered": 70.0, "percent_statements_covered_display": "70"}, "missing_lines": [565, 566, 567], "excluded_lines": [], "start_line": 537}, "get_current_user_id_from_token": {"executed_lines": [585, 586, 587, 589, 592, 594], "summary": {"covered_lines": 6, "num_statements": 8, "percent_covered": 75.0, "percent_covered_display": "75", "missing_lines": 2, "excluded_lines": 0, "percent_statements_covered": 75.0, "percent_statements_covered_display": "75"}, "missing_lines": [590, 595], "excluded_lines": [], "start_line": 570}, "cleanup_expired_tokens": {"executed_lines": [615, 617, 623, 625, 626], "summary": {"covered_lines": 5, "num_statements": 9, "percent_covered": 55.55555555555556, "percent_covered_display": "56", "missing_lines": 4, "excluded_lines": 0, "percent_statements_covered": 55.55555555555556, "percent_statements_covered_display": "56"}, "missing_lines": [628, 629, 630, 631], "excluded_lines": [], "start_line": 598}, "": {"executed_lines": [11, 12, 13, 15, 16, 17, 18, 20, 21, 22, 24, 27, 30, 33, 36, 39, 42, 45, 107, 182, 219, 278, 344, 373, 414, 502, 514, 537, 570, 598], "summary": {"covered_lines": 30, "num_statements": 30, "percent_covered": 100.0, "percent_covered_display": "100", "missing_lines": 0, "excluded_lines": 0, "percent_statements_covered": 100.0, "percent_statements_covered_display": "100"}, "missing_lines": [], "excluded_lines": [], "start_line": 1}}, "classes": {"AuthenticationError": {"executed_lines": [], "summary": {"covered_lines": 0, "num_statements": 0, "percent_covered": 100.0, "percent_covered_display": "100", "missing_lines": 0, "excluded_lines": 0, "percent_statements_covered": 100.0, "percent_statements_covered_display": "100"}, "missing_lines": [], "excluded_lines": [], "start_line": 27}, "TokenError": {"executed_lines": [], "summary": {"covered_lines": 0, "num_statements": 0, "percent_covered": 100.0, "percent_covered_display": "100", "missing_lines": 0, "excluded_lines": 0, "percent_statements_covered": 100.0, "percent_statements_covered_display": "100"}, "missing_lines": [], "excluded_lines": [], "start_line": 33}, "TwoFactorError": {"executed_lines": [], "summary": {"covered_lines": 0, "num_statements": 0, "percent_covered": 100.0, "percent_covered_display": "100", "missing_lines": 0, "excluded_lines": 0, "percent_statements_covered": 100.0, "percent_statements_covered_display": "100"}, "missing_lines": [], "excluded_lines": [], "start_line": 39}, "": {"executed_lines": [11, 12, 13, 15, 16, 17, 18, 20, 21, 22, 24, 27, 30, 33, 36, 39, 42, 45, 67, 69, 70, 73, 83, 84, 87, 93, 100, 107, 131, 133, 136, 137, 140, 149, 156, 163, 164, 165, 167, 174, 182, 198, 200, 207, 208, 211, 212, 214, 215, 216, 219, 236, 238, 245, 249, 250, 254, 256, 257, 258, 261, 262, 268, 270, 271, 273, 274, 275, 278, 302, 304, 307, 310, 311, 313, 316, 317, 321, 322, 329, 336, 344, 357, 359, 362, 363, 365, 373, 389, 391, 398, 399, 400, 401, 403, 405, 406, 414, 438, 440, 442, 443, 444, 447, 448, 453, 456, 457, 458, 461, 463, 467, 469, 475, 478, 479, 481, 488, 490, 492, 502, 509, 510, 511, 514, 528, 529, 533, 534, 537, 551, 552, 556, 558, 559, 561, 563, 570, 585, 586, 587, 589, 592, 594, 598, 615, 617, 623, 625, 626], "summary": {"covered_lines": 150, "num_statements": 185, "percent_covered": 81.08108108108108, "percent_covered_display": "81", "missing_lines": 35, "excluded_lines": 0, "percent_statements_covered": 81.08108108108108, "percent_statements_covered_display": "81"}, "missing_lines": [102, 103, 104, 176, 177, 178, 179, 246, 251, 318, 338, 339, 340, 341, 367, 368, 369, 370, 408, 409, 410, 411, 493, 494, 495, 496, 565, 566, 567, 590, 595, 628, 629, 630, 631], "excluded_lines": [], "start_line": 1}}}, "src/vibe_quality_searcharr/core/scheduler.py": {"executed_lines": [], "summary": {"covered_lines": 0, "num_statements": 0, "percent_covered": 100.0, "percent_covered_display": "100", "missing_lines": 0, "excluded_lines": 0, "percent_statements_covered": 100.0, "percent_statements_covered_display": "100"}, "missing_lines": [], "excluded_lines": [], "functions": {"": {"executed_lines": [], "summary": {"covered_lines": 0, "num_statements": 0, "percent_covered": 100.0, "percent_covered_display": "100", "missing_lines": 0, "excluded_lines": 0, "percent_statements_covered": 100.0, "percent_statements_covered_display": "100"}, "missing_lines": [], "excluded_lines": [], "start_line": 1}}, "classes": {"": {"executed_lines": [], "summary": {"covered_lines": 0, "num_statements": 0, "percent_covered": 100.0, "percent_covered_display": "100", "missing_lines": 0, "excluded_lines": 0, "percent_statements_covered": 100.0, "percent_statements_covered_display": "100"}, "missing_lines": [], "excluded_lines": [], "start_line": 1}}}, "src/vibe_quality_searcharr/core/security.py": {"executed_lines": [11, 12, 13, 15, 16, 17, 19, 22, 25, 28, 31, 34, 46, 48, 55, 57, 75, 76, 78, 80, 81, 85, 102, 103, 105, 107, 108, 109, 110, 112, 116, 129, 130, 131, 133, 136, 148, 157, 159, 161, 163, 164, 166, 180, 181, 183, 184, 185, 189, 203, 204, 206, 207, 208, 209, 210, 214, 226, 227, 230, 231, 233, 235, 245, 246, 249, 250, 252, 253, 254, 257, 260, 272, 273, 286, 287, 289, 291, 292, 305, 306, 308, 309, 311, 312, 327, 328, 330, 332, 333, 346, 347, 349, 352, 362, 363, 381, 382, 383, 384, 385, 386, 388, 390, 394, 395, 396, 397, 401, 403, 406, 408, 411, 413, 416, 418, 421, 423, 426, 428, 431], "summary": {"covered_lines": 121, "num_statements": 130, "percent_covered": 93.07692307692308, "percent_covered_display": "93", "missing_lines": 9, "excluded_lines": 0, "percent_statements_covered": 93.07692307692308, "percent_statements_covered_display": "93"}, "missing_lines": [82, 83, 113, 114, 186, 187, 211, 212, 447], "excluded_lines": [], "functions": {"PasswordSecurity.__init__": {"executed_lines": [48, 55], "summary": {"covered_lines": 2, "num_statements": 2, "percent_covered": 100.0, "percent_covered_display": "100", "missing_lines": 0, "excluded_lines": 0, "percent_statements_covered": 100.0, "percent_statements_covered_display": "100"}, "missing_lines": [], "excluded_lines": [], "start_line": 46}, "PasswordSecurity.hash_password": {"executed_lines": [75, 76, 78, 80, 81], "summary": {"covered_lines": 5, "num_statements": 7, "percent_covered": 71.42857142857143, "percent_covered_display": "71", "missing_lines": 2, "excluded_lines": 0, "percent_statements_covered": 71.42857142857143, "percent_statements_covered_display": "71"}, "missing_lines": [82, 83], "excluded_lines": [], "start_line": 57}, "PasswordSecurity.verify_password": {"executed_lines": [102, 103, 105, 107, 108, 109, 110, 112], "summary": {"covered_lines": 8, "num_statements": 10, "percent_covered": 80.0, "percent_covered_display": "80", "missing_lines": 2, "excluded_lines": 0, "percent_statements_covered": 80.0, "percent_statements_covered_display": "80"}, "missing_lines": [113, 114], "excluded_lines": [], "start_line": 85}, "PasswordSecurity.needs_rehash": {"executed_lines": [129, 130, 131, 133], "summary": {"covered_lines": 4, "num_statements": 4, "percent_covered": 100.0, "percent_covered_display": "100", "missing_lines": 0, "excluded_lines": 0, "percent_statements_covered": 100.0, "percent_statements_covered_display": "100"}, "missing_lines": [], "excluded_lines": [], "start_line": 116}, "FieldEncryption.__init__": {"executed_lines": [157, 159, 161, 163, 164], "summary": {"covered_lines": 5, "num_statements": 5, "percent_covered": 100.0, "percent_covered_display": "100", "missing_lines": 0, "excluded_lines": 0, "percent_statements_covered": 100.0, "percent_statements_covered_display": "100"}, "missing_lines": [], "excluded_lines": [], "start_line": 148}, "FieldEncryption.encrypt": {"executed_lines": [180, 181, 183, 184, 185], "summary": {"covered_lines": 5, "num_statements": 7, "percent_covered": 71.42857142857143, "percent_covered_display": "71", "missing_lines": 2, "excluded_lines": 0, "percent_statements_covered": 71.42857142857143, "percent_statements_covered_display": "71"}, "missing_lines": [186, 187], "excluded_lines": [], "start_line": 166}, "FieldEncryption.decrypt": {"executed_lines": [203, 204, 206, 207, 208, 209, 210], "summary": {"covered_lines": 7, "num_statements": 9, "percent_covered": 77.77777777777777, "percent_covered_display": "78", "missing_lines": 2, "excluded_lines": 0, "percent_statements_covered": 77.77777777777777, "percent_statements_covered_display": "78"}, "missing_lines": [211, 212], "excluded_lines": [], "start_line": 189}, "FieldEncryption.encrypt_if_needed": {"executed_lines": [226, 227, 230, 231, 233], "summary": {"covered_lines": 5, "num_statements": 5, "percent_covered": 100.0, "percent_covered_display": "100", "missing_lines": 0, "excluded_lines": 0, "percent_statements_covered": 100.0, "percent_statements_covered_display": "100"}, "missing_lines": [], "excluded_lines": [], "start_line": 214}, "FieldEncryption.decrypt_if_needed": {"executed_lines": [245, 246, 249, 250, 252, 253, 254, 257], "summary": {"covered_lines": 8, "num_statements": 8, "percent_covered": 100.0, "percent_covered_display": "100", "missing_lines": 0, "excluded_lines": 0, "percent_statements_covered": 100.0, "percent_statements_covered_display": "100"}, "missing_lines": [], "excluded_lines": [], "start_line": 235}, "TokenGenerator.generate_token": {"executed_lines": [286, 287, 289], "summary": {"covered_lines": 3, "num_statements": 3, "percent_covered": 100.0, "percent_covered_display": "100", "missing_lines": 0, "excluded_lines": 0, "percent_statements_covered": 100.0, "percent_statements_covered_display": "100"}, "missing_lines": [], "excluded_lines": [], "start_line": 273}, "TokenGenerator.generate_api_key": {"executed_lines": [305, 306, 308, 309], "summary": {"covered_lines": 4, "num_statements": 4, "percent_covered": 100.0, "percent_covered_display": "100", "missing_lines": 0, "excluded_lines": 0, "percent_statements_covered": 100.0, "percent_statements_covered_display": "100"}, "missing_lines": [], "excluded_lines": [], "start_line": 292}, "TokenGenerator.generate_numeric_code": {"executed_lines": [327, 328, 330], "summary": {"covered_lines": 3, "num_statements": 3, "percent_covered": 100.0, "percent_covered_display": "100", "missing_lines": 0, "excluded_lines": 0, "percent_statements_covered": 100.0, "percent_statements_covered_display": "100"}, "missing_lines": [], "excluded_lines": [], "start_line": 312}, "TokenGenerator.generate_hex_token": {"executed_lines": [346, 347, 349], "summary": {"covered_lines": 3, "num_statements": 3, "percent_covered": 100.0, "percent_covered_display": "100", "missing_lines": 0, "excluded_lines": 0, "percent_statements_covered": 100.0, "percent_statements_covered_display": "100"}, "missing_lines": [], "excluded_lines": [], "start_line": 333}, "SecureComparison.compare_digest": {"executed_lines": [381, 382, 383, 384, 385, 386, 388, 390], "summary": {"covered_lines": 8, "num_statements": 8, "percent_covered": 100.0, "percent_covered_display": "100", "missing_lines": 0, "excluded_lines": 0, "percent_statements_covered": 100.0, "percent_statements_covered_display": "100"}, "missing_lines": [], "excluded_lines": [], "start_line": 363}, "hash_password": {"executed_lines": [403], "summary": {"covered_lines": 1, "num_statements": 1, "percent_covered": 100.0, "percent_covered_display": "100", "missing_lines": 0, "excluded_lines": 0, "percent_statements_covered": 100.0, "percent_statements_covered_display": "100"}, "missing_lines": [], "excluded_lines": [], "start_line": 401}, "verify_password": {"executed_lines": [408], "summary": {"covered_lines": 1, "num_statements": 1, "percent_covered": 100.0, "percent_covered_display": "100", "missing_lines": 0, "excluded_lines": 0, "percent_statements_covered": 100.0, "percent_statements_covered_display": "100"}, "missing_lines": [], "excluded_lines": [], "start_line": 406}, "encrypt_field": {"executed_lines": [413], "summary": {"covered_lines": 1, "num_statements": 1, "percent_covered": 100.0, "percent_covered_display": "100", "missing_lines": 0, "excluded_lines": 0, "percent_statements_covered": 100.0, "percent_statements_covered_display": "100"}, "missing_lines": [], "excluded_lines": [], "start_line": 411}, "decrypt_field": {"executed_lines": [418], "summary": {"covered_lines": 1, "num_statements": 1, "percent_covered": 100.0, "percent_covered_display": "100", "missing_lines": 0, "excluded_lines": 0, "percent_statements_covered": 100.0, "percent_statements_covered_display": "100"}, "missing_lines": [], "excluded_lines": [], "start_line": 416}, "generate_token": {"executed_lines": [423], "summary": {"covered_lines": 1, "num_statements": 1, "percent_covered": 100.0, "percent_covered_display": "100", "missing_lines": 0, "excluded_lines": 0, "percent_statements_covered": 100.0, "percent_statements_covered_display": "100"}, "missing_lines": [], "excluded_lines": [], "start_line": 421}, "constant_time_compare": {"executed_lines": [428], "summary": {"covered_lines": 1, "num_statements": 1, "percent_covered": 100.0, "percent_covered_display": "100", "missing_lines": 0, "excluded_lines": 0, "percent_statements_covered": 100.0, "percent_statements_covered_display": "100"}, "missing_lines": [], "excluded_lines": [], "start_line": 426}, "decrypt_api_key": {"executed_lines": [], "summary": {"covered_lines": 0, "num_statements": 1, "percent_covered": 0.0, "percent_covered_display": "0", "missing_lines": 1, "excluded_lines": 0, "percent_statements_covered": 0.0, "percent_statements_covered_display": "0"}, "missing_lines": [447], "excluded_lines": [], "start_line": 431}, "": {"executed_lines": [11, 12, 13, 15, 16, 17, 19, 22, 25, 28, 31, 34, 46, 57, 85, 116, 136, 148, 166, 189, 214, 235, 260, 272, 273, 291, 292, 311, 312, 332, 333, 352, 362, 363, 394, 395, 396, 397, 401, 406, 411, 416, 421, 426, 431], "summary": {"covered_lines": 45, "num_statements": 45, "percent_covered": 100.0, "percent_covered_display": "100", "missing_lines": 0, "excluded_lines": 0, "percent_statements_covered": 100.0, "percent_statements_covered_display": "100"}, "missing_lines": [], "excluded_lines": [], "start_line": 1}}, "classes": {"PasswordHashingError": {"executed_lines": [], "summary": {"covered_lines": 0, "num_statements": 0, "percent_covered": 100.0, "percent_covered_display": "100", "missing_lines": 0, "excluded_lines": 0, "percent_statements_covered": 100.0, "percent_statements_covered_display": "100"}, "missing_lines": [], "excluded_lines": [], "start_line": 22}, "EncryptionError": {"executed_lines": [], "summary": {"covered_lines": 0, "num_statements": 0, "percent_covered": 100.0, "percent_covered_display": "100", "missing_lines": 0, "excluded_lines": 0, "percent_statements_covered": 100.0, "percent_statements_covered_display": "100"}, "missing_lines": [], "excluded_lines": [], "start_line": 28}, "PasswordSecurity": {"executed_lines": [48, 55, 75, 76, 78, 80, 81, 102, 103, 105, 107, 108, 109, 110, 112, 129, 130, 131, 133], "summary": {"covered_lines": 19, "num_statements": 23, "percent_covered": 82.6086956521739, "percent_covered_display": "83", "missing_lines": 4, "excluded_lines": 0, "percent_statements_covered": 82.6086956521739, "percent_statements_covered_display": "83"}, "missing_lines": [82, 83, 113, 114], "excluded_lines": [], "start_line": 34}, "FieldEncryption": {"executed_lines": [157, 159, 161, 163, 164, 180, 181, 183, 184, 185, 203, 204, 206, 207, 208, 209, 210, 226, 227, 230, 231, 233, 245, 246, 249, 250, 252, 253, 254, 257], "summary": {"covered_lines": 30, "num_statements": 34, "percent_covered": 88.23529411764706, "percent_covered_display": "88", "missing_lines": 4, "excluded_lines": 0, "percent_statements_covered": 88.23529411764706, "percent_statements_covered_display": "88"}, "missing_lines": [186, 187, 211, 212], "excluded_lines": [], "start_line": 136}, "TokenGenerator": {"executed_lines": [286, 287, 289, 305, 306, 308, 309, 327, 328, 330, 346, 347, 349], "summary": {"covered_lines": 13, "num_statements": 13, "percent_covered": 100.0, "percent_covered_display": "100", "missing_lines": 0, "excluded_lines": 0, "percent_statements_covered": 100.0, "percent_statements_covered_display": "100"}, "missing_lines": [], "excluded_lines": [], "start_line": 260}, "SecureComparison": {"executed_lines": [381, 382, 383, 384, 385, 386, 388, 390], "summary": {"covered_lines": 8, "num_statements": 8, "percent_covered": 100.0, "percent_covered_display": "100", "missing_lines": 0, "excluded_lines": 0, "percent_statements_covered": 100.0, "percent_statements_covered_display": "100"}, "missing_lines": [], "excluded_lines": [], "start_line": 352}, "": {"executed_lines": [11, 12, 13, 15, 16, 17, 19, 22, 25, 28, 31, 34, 46, 57, 85, 116, 136, 148, 166, 189, 214, 235, 260, 272, 273, 291, 292, 311, 312, 332, 333, 352, 362, 363, 394, 395, 396, 397, 401, 403, 406, 408, 411, 413, 416, 418, 421, 423, 426, 428, 431], "summary": {"covered_lines": 51, "num_statements": 52, "percent_covered": 98.07692307692308, "percent_covered_display": "98", "missing_lines": 1, "excluded_lines": 0, "percent_statements_covered": 98.07692307692308, "percent_statements_covered_display": "98"}, "missing_lines": [447], "excluded_lines": [], "start_line": 1}}}, "src/vibe_quality_searcharr/core/strategies.py": {"executed_lines": [], "summary": {"covered_lines": 0, "num_statements": 0, "percent_covered": 100.0, "percent_covered_display": "100", "missing_lines": 0, "excluded_lines": 0, "percent_statements_covered": 100.0, "percent_statements_covered_display": "100"}, "missing_lines": [], "excluded_lines": [], "functions": {"": {"executed_lines": [], "summary": {"covered_lines": 0, "num_statements": 0, "percent_covered": 100.0, "percent_covered_display": "100", "missing_lines": 0, "excluded_lines": 0, "percent_statements_covered": 100.0, "percent_statements_covered_display": "100"}, "missing_lines": [], "excluded_lines": [], "start_line": 1}}, "classes": {"": {"executed_lines": [], "summary": {"covered_lines": 0, "num_statements": 0, "percent_covered": 100.0, "percent_covered_display": "100", "missing_lines": 0, "excluded_lines": 0, "percent_statements_covered": 100.0, "percent_statements_covered_display": "100"}, "missing_lines": [], "excluded_lines": [], "start_line": 1}}}, "src/vibe_quality_searcharr/database.py": {"executed_lines": [12, 13, 14, 15, 17, 18, 19, 20, 22, 24, 27, 30, 42, 43, 44, 46, 48, 49, 52, 53, 54, 55, 56, 58, 59, 60, 63, 64, 80, 82, 84, 87, 91, 94, 98, 102, 103, 105, 106, 108, 110, 111, 112, 114, 117, 127, 128, 131, 152, 158, 160, 161, 162, 165, 175, 184, 185, 188, 200, 201, 202, 205, 216, 217, 218, 223, 230, 231, 232, 233, 234, 237, 249, 250, 251, 252, 254, 257, 267, 269, 278, 279, 292, 293, 294, 297, 307, 308, 309, 311, 325, 326, 327, 330, 337, 338, 339, 340, 341, 342, 346, 363, 364, 366, 367, 386, 387, 388], "summary": {"covered_lines": 108, "num_statements": 127, "percent_covered": 85.03937007874016, "percent_covered_display": "85", "missing_lines": 19, "excluded_lines": 0, "percent_statements_covered": 85.03937007874016, "percent_statements_covered_display": "85"}, "missing_lines": [280, 283, 284, 285, 286, 287, 288, 290, 312, 315, 316, 318, 319, 321, 323, 370, 371, 374, 379], "excluded_lines": [], "functions": {"secure_database_file": {"executed_lines": [42, 43, 44, 46, 48, 49, 52, 53, 54, 55, 56, 58, 59, 60], "summary": {"covered_lines": 14, "num_statements": 14, "percent_covered": 100.0, "percent_covered_display": "100", "missing_lines": 0, "excluded_lines": 0, "percent_statements_covered": 100.0, "percent_statements_covered_display": "100"}, "missing_lines": [], "excluded_lines": [], "start_line": 30}, "set_sqlite_pragma": {"executed_lines": [80, 82, 84, 87, 91, 94, 98, 102, 103, 105, 106, 108, 110, 111, 112, 114], "summary": {"covered_lines": 16, "num_statements": 16, "percent_covered": 100.0, "percent_covered_display": "100", "missing_lines": 0, "excluded_lines": 0, "percent_statements_covered": 100.0, "percent_statements_covered_display": "100"}, "missing_lines": [], "excluded_lines": [], "start_line": 64}, "create_database_engine": {"executed_lines": [127, 128, 131, 152, 158, 160, 161, 162], "summary": {"covered_lines": 8, "num_statements": 8, "percent_covered": 100.0, "percent_covered_display": "100", "missing_lines": 0, "excluded_lines": 0, "percent_statements_covered": 100.0, "percent_statements_covered_display": "100"}, "missing_lines": [], "excluded_lines": [], "start_line": 117}, "create_session_factory": {"executed_lines": [175], "summary": {"covered_lines": 1, "num_statements": 1, "percent_covered": 100.0, "percent_covered_display": "100", "missing_lines": 0, "excluded_lines": 0, "percent_statements_covered": 100.0, "percent_statements_covered_display": "100"}, "missing_lines": [], "excluded_lines": [], "start_line": 165}, "get_engine": {"executed_lines": [200, 201, 202], "summary": {"covered_lines": 3, "num_statements": 3, "percent_covered": 100.0, "percent_covered_display": "100", "missing_lines": 0, "excluded_lines": 0, "percent_statements_covered": 100.0, "percent_statements_covered_display": "100"}, "missing_lines": [], "excluded_lines": [], "start_line": 188}, "get_session_factory": {"executed_lines": [216, 217, 218], "summary": {"covered_lines": 3, "num_statements": 3, "percent_covered": 100.0, "percent_covered_display": "100", "missing_lines": 0, "excluded_lines": 0, "percent_statements_covered": 100.0, "percent_statements_covered_display": "100"}, "missing_lines": [], "excluded_lines": [], "start_line": 205}, "__getattr__": {"executed_lines": [230, 231, 232, 233, 234], "summary": {"covered_lines": 5, "num_statements": 5, "percent_covered": 100.0, "percent_covered_display": "100", "missing_lines": 0, "excluded_lines": 0, "percent_statements_covered": 100.0, "percent_statements_covered_display": "100"}, "missing_lines": [], "excluded_lines": [], "start_line": 223}, "get_db": {"executed_lines": [249, 250, 251, 252, 254], "summary": {"covered_lines": 5, "num_statements": 5, "percent_covered": 100.0, "percent_covered_display": "100", "missing_lines": 0, "excluded_lines": 0, "percent_statements_covered": 100.0, "percent_statements_covered_display": "100"}, "missing_lines": [], "excluded_lines": [], "start_line": 237}, "init_db": {"executed_lines": [267, 269, 278, 279, 292, 293, 294], "summary": {"covered_lines": 7, "num_statements": 15, "percent_covered": 46.666666666666664, "percent_covered_display": "47", "missing_lines": 8, "excluded_lines": 0, "percent_statements_covered": 46.666666666666664, "percent_statements_covered_display": "47"}, "missing_lines": [280, 283, 284, 285, 286, 287, 288, 290], "excluded_lines": [], "start_line": 257}, "test_database_connection": {"executed_lines": [307, 308, 309, 311, 325, 326, 327], "summary": {"covered_lines": 7, "num_statements": 14, "percent_covered": 50.0, "percent_covered_display": "50", "missing_lines": 7, "excluded_lines": 0, "percent_statements_covered": 50.0, "percent_statements_covered_display": "50"}, "missing_lines": [312, 315, 316, 318, 319, 321, 323], "excluded_lines": [], "start_line": 297}, "close_db": {"executed_lines": [337, 338, 339, 340, 341, 342], "summary": {"covered_lines": 6, "num_statements": 6, "percent_covered": 100.0, "percent_covered_display": "100", "missing_lines": 0, "excluded_lines": 0, "percent_statements_covered": 100.0, "percent_statements_covered_display": "100"}, "missing_lines": [], "excluded_lines": [], "start_line": 330}, "database_health_check": {"executed_lines": [363, 364, 366, 367, 386, 387, 388], "summary": {"covered_lines": 7, "num_statements": 11, "percent_covered": 63.63636363636363, "percent_covered_display": "64", "missing_lines": 4, "excluded_lines": 0, "percent_statements_covered": 63.63636363636363, "percent_statements_covered_display": "64"}, "missing_lines": [370, 371, 374, 379], "excluded_lines": [], "start_line": 346}, "": {"executed_lines": [12, 13, 14, 15, 17, 18, 19, 20, 22, 24, 27, 30, 63, 64, 117, 165, 184, 185, 188, 205, 223, 237, 257, 297, 330, 346], "summary": {"covered_lines": 26, "num_statements": 26, "percent_covered": 100.0, "percent_covered_display": "100", "missing_lines": 0, "excluded_lines": 0, "percent_statements_covered": 100.0, "percent_statements_covered_display": "100"}, "missing_lines": [], "excluded_lines": [], "start_line": 1}}, "classes": {"": {"executed_lines": [12, 13, 14, 15, 17, 18, 19, 20, 22, 24, 27, 30, 42, 43, 44, 46, 48, 49, 52, 53, 54, 55, 56, 58, 59, 60, 63, 64, 80, 82, 84, 87, 91, 94, 98, 102, 103, 105, 106, 108, 110, 111, 112, 114, 117, 127, 128, 131, 152, 158, 160, 161, 162, 165, 175, 184, 185, 188, 200, 201, 202, 205, 216, 217, 218, 223, 230, 231, 232, 233, 234, 237, 249, 250, 251, 252, 254, 257, 267, 269, 278, 279, 292, 293, 294, 297, 307, 308, 309, 311, 325, 326, 327, 330, 337, 338, 339, 340, 341, 342, 346, 363, 364, 366, 367, 386, 387, 388], "summary": {"covered_lines": 108, "num_statements": 127, "percent_covered": 85.03937007874016, "percent_covered_display": "85", "missing_lines": 19, "excluded_lines": 0, "percent_statements_covered": 85.03937007874016, "percent_statements_covered_display": "85"}, "missing_lines": [280, 283, 284, 285, 286, 287, 288, 290, 312, 315, 316, 318, 319, 321, 323, 370, 371, 374, 379], "excluded_lines": [], "start_line": 1}}}, "src/vibe_quality_searcharr/main.py": {"executed_lines": [12, 13, 14, 15, 16, 17, 18, 19, 20, 21, 23, 24, 25, 26, 29, 48, 51, 58, 68, 71, 74, 77, 78, 86, 89, 98, 99, 110, 113, 114, 115, 116, 119, 123, 134, 136, 140, 143, 144, 145, 146, 147, 150, 151, 157, 158, 165, 183, 184, 185, 188, 189, 218, 219, 248, 249, 271, 272, 280, 281], "summary": {"covered_lines": 60, "num_statements": 95, "percent_covered": 63.1578947368421, "percent_covered_display": "63", "missing_lines": 35, "excluded_lines": 3, "percent_statements_covered": 63.1578947368421, "percent_statements_covered_display": "63"}, "missing_lines": [90, 94, 120, 166, 169, 170, 173, 174, 175, 176, 177, 181, 195, 196, 199, 200, 201, 202, 203, 206, 207, 209, 211, 212, 225, 226, 228, 230, 236, 237, 238, 255, 274, 283, 284], "excluded_lines": [290, 291, 293], "functions": {"add_security_headers": {"executed_lines": [110, 113, 114, 115, 116, 119, 123, 134, 136], "summary": {"covered_lines": 9, "num_statements": 10, "percent_covered": 90.0, "percent_covered_display": "90", "missing_lines": 1, "excluded_lines": 0, "percent_statements_covered": 90.0, "percent_statements_covered_display": "90"}, "missing_lines": [120], "excluded_lines": [], "start_line": 99}, "startup_event": {"executed_lines": [157, 158, 165, 183, 184, 185], "summary": {"covered_lines": 6, "num_statements": 15, "percent_covered": 40.0, "percent_covered_display": "40", "missing_lines": 9, "excluded_lines": 0, "percent_statements_covered": 40.0, "percent_statements_covered_display": "40"}, "missing_lines": [166, 169, 170, 173, 174, 175, 176, 177, 181], "excluded_lines": [], "start_line": 151}, "shutdown_event": {"executed_lines": [], "summary": {"covered_lines": 0, "num_statements": 12, "percent_covered": 0.0, "percent_covered_display": "0", "missing_lines": 12, "excluded_lines": 0, "percent_statements_covered": 0.0, "percent_statements_covered_display": "0"}, "missing_lines": [195, 196, 199, 200, 201, 202, 203, 206, 207, 209, 211, 212], "excluded_lines": [], "start_line": 189}, "health_check": {"executed_lines": [], "summary": {"covered_lines": 0, "num_statements": 7, "percent_covered": 0.0, "percent_covered_display": "0", "missing_lines": 7, "excluded_lines": 0, "percent_statements_covered": 0.0, "percent_statements_covered_display": "0"}, "missing_lines": [225, 226, 228, 230, 236, 237, 238], "excluded_lines": [], "start_line": 219}, "api_info": {"executed_lines": [], "summary": {"covered_lines": 0, "num_statements": 1, "percent_covered": 0.0, "percent_covered_display": "0", "missing_lines": 1, "excluded_lines": 0, "percent_statements_covered": 0.0, "percent_statements
[...]
39, 240, 241, 243, 244, 246, 247, 248, 249, 251, 254, 255, 256, 259, 260, 261, 264, 265, 266, 267, 268, 269, 271, 272, 273, 276, 277, 279, 282, 289, 290, 291, 292, 294, 295, 297, 298, 299, 300, 302, 305, 306, 307, 310, 311, 312, 315, 316, 317, 318, 319, 320, 322, 323, 324, 327, 328, 330, 333, 334, 336, 338, 346, 347, 348, 369, 371, 372, 373, 374, 376, 378, 380, 381, 388, 389, 390, 391, 393, 394, 396, 397, 398, 399, 401, 404, 405, 408, 409, 412, 413, 414, 415, 416, 418, 419, 421, 422, 424, 427, 434, 435, 436, 437, 439, 440, 442, 443, 444, 445, 447, 450, 451, 454, 455, 458, 459, 460, 461, 462, 464, 465, 467, 468, 470, 473, 474, 476, 478, 486, 487, 488, 509, 513, 514, 515, 516, 518, 520, 522, 523, 530, 536, 538, 539, 540, 541, 543, 546, 547, 550, 551, 554, 555, 556, 557, 558, 560, 561, 564, 571, 577, 579, 580, 581, 582, 584, 587, 588, 591, 592, 595, 596, 597, 598, 599, 601, 602, 605, 606, 608, 610, 618, 619, 620, 639, 642, 643, 644, 645, 646, 647, 651, 653], "excluded_lines": [], "functions": {"SearchQueueManager.__init__": {"executed_lines": [59, 60, 61, 62, 64], "summary": {"covered_lines": 5, "num_statements": 5, "percent_covered": 100.0, "percent_covered_display": "100", "missing_lines": 0, "excluded_lines": 0, "percent_statements_covered": 100.0, "percent_statements_covered_display": "100"}, "missing_lines": [], "excluded_lines": [], "start_line": 52}, "SearchQueueManager.execute_queue": {"executed_lines": [84, 86, 88, 90, 91, 170], "summary": {"covered_lines": 6, "num_statements": 31, "percent_covered": 19.35483870967742, "percent_covered_display": "19", "missing_lines": 25, "excluded_lines": 0, "percent_statements_covered": 19.35483870967742, "percent_statements_covered_display": "19"}, "missing_lines": [93, 94, 96, 98, 99, 102, 103, 106, 112, 113, 115, 122, 124, 127, 132, 140, 142, 150, 152, 154, 155, 156, 157, 159, 161], "excluded_lines": [], "start_line": 66}, "SearchQueueManager._execute_strategy": {"executed_lines": [], "summary": {"covered_lines": 0, "num_statements": 9, "percent_covered": 0.0, "percent_covered_display": "0", "missing_lines": 9, "excluded_lines": 0, "percent_statements_covered": 0.0, "percent_statements_covered_display": "0"}, "missing_lines": [189, 190, 191, 192, 193, 194, 195, 196, 198], "excluded_lines": [], "start_line": 172}, "SearchQueueManager._execute_missing_strategy": {"executed_lines": [], "summary": {"covered_lines": 0, "num_statements": 75, "percent_covered": 0.0, "percent_covered_display": "0", "missing_lines": 75, "excluded_lines": 0, "percent_statements_covered": 0.0, "percent_statements_covered_display": "0"}, "missing_lines": [219, 221, 222, 223, 224, 226, 228, 230, 231, 238, 239, 240, 241, 243, 244, 246, 247, 248, 249, 251, 254, 255, 256, 259, 260, 261, 264, 265, 266, 267, 268, 269, 271, 272, 273, 276, 277, 279, 282, 289, 290, 291, 292, 294, 295, 297, 298, 299, 300, 302, 305, 306, 307, 310, 311, 312, 315, 316, 317, 318, 319, 320, 322, 323, 324, 327, 328, 330, 333, 334, 336, 338, 346, 347, 348], "excluded_lines": [], "start_line": 200}, "SearchQueueManager._execute_cutoff_strategy": {"executed_lines": [], "summary": {"covered_lines": 0, "num_statements": 67, "percent_covered": 0.0, "percent_covered_display": "0", "missing_lines": 67, "excluded_lines": 0, "percent_statements_covered": 0.0, "percent_statements_covered_display": "0"}, "missing_lines": [369, 371, 372, 373, 374, 376, 378, 380, 381, 388, 389, 390, 391, 393, 394, 396, 397, 398, 399, 401, 404, 405, 408, 409, 412, 413, 414, 415, 416, 418, 419, 421, 422, 424, 427, 434, 435, 436, 437, 439, 440, 442, 443, 444, 445, 447, 450, 451, 454, 455, 458, 459, 460, 461, 462, 464, 465, 467, 468, 470, 473, 474, 476, 478, 486, 487, 488], "excluded_lines": [], "start_line": 350}, "SearchQueueManager._execute_recent_strategy": {"executed_lines": [], "summary": {"covered_lines": 0, "num_statements": 53, "percent_covered": 0.0, "percent_covered_display": "0", "missing_lines": 53, "excluded_lines": 0, "percent_statements_covered": 0.0, "percent_statements_covered_display": "0"}, "missing_lines": [509, 513, 514, 515, 516, 518, 520, 522, 523, 530, 536, 538, 539, 540, 541, 543, 546, 547, 550, 551, 554, 555, 556, 557, 558, 560, 561, 564, 571, 577, 579, 580, 581, 582, 584, 587, 588, 591, 592, 595, 596, 597, 598, 599, 601, 602, 605, 606, 608, 610, 618, 619, 620], "excluded_lines": [], "start_line": 490}, "SearchQueueManager._execute_custom_strategy": {"executed_lines": [], "summary": {"covered_lines": 0, "num_statements": 9, "percent_covered": 0.0, "percent_covered_display": "0", "missing_lines": 9, "excluded_lines": 0, "percent_statements_covered": 0.0, "percent_statements_covered_display": "0"}, "missing_lines": [639, 642, 643, 644, 645, 646, 647, 651, 653], "excluded_lines": [], "start_line": 622}, "SearchQueueManager._is_in_cooldown": {"executed_lines": [666, 667, 669, 670, 672], "summary": {"covered_lines": 5, "num_statements": 5, "percent_covered": 100.0, "percent_covered_display": "100", "missing_lines": 0, "excluded_lines": 0, "percent_statements_covered": 100.0, "percent_statements_covered_display": "100"}, "missing_lines": [], "excluded_lines": [], "start_line": 655}, "SearchQueueManager._set_cooldown": {"executed_lines": [681], "summary": {"covered_lines": 1, "num_statements": 1, "percent_covered": 100.0, "percent_covered_display": "100", "missing_lines": 0, "excluded_lines": 0, "percent_statements_covered": 100.0, "percent_statements_covered_display": "100"}, "missing_lines": [], "excluded_lines": [], "start_line": 674}, "SearchQueueManager._check_rate_limit": {"executed_lines": [694, 697, 698, 699, 700, 703, 704, 707, 711, 714, 715, 716, 718], "summary": {"covered_lines": 13, "num_statements": 13, "percent_covered": 100.0, "percent_covered_display": "100", "missing_lines": 0, "excluded_lines": 0, "percent_statements_covered": 100.0, "percent_statements_covered_display": "100"}, "missing_lines": [], "excluded_lines": [], "start_line": 683}, "": {"executed_lines": [16, 17, 18, 19, 20, 22, 23, 25, 26, 27, 28, 30, 33, 36, 39, 52, 66, 172, 200, 350, 490, 622, 655, 674, 683], "summary": {"covered_lines": 25, "num_statements": 25, "percent_covered": 100.0, "percent_covered_display": "100", "missing_lines": 0, "excluded_lines": 0, "percent_statements_covered": 100.0, "percent_statements_covered_display": "100"}, "missing_lines": [], "excluded_lines": [], "start_line": 1}}, "classes": {"SearchQueueError": {"executed_lines": [], "summary": {"covered_lines": 0, "num_statements": 0, "percent_covered": 100.0, "percent_covered_display": "100", "missing_lines": 0, "excluded_lines": 0, "percent_statements_covered": 100.0, "percent_statements_covered_display": "100"}, "missing_lines": [], "excluded_lines": [], "start_line": 33}, "SearchQueueManager": {"executed_lines": [59, 60, 61, 62, 64, 84, 86, 88, 90, 91, 170, 666, 667, 669, 670, 672, 681, 694, 697, 698, 699, 700, 703, 704, 707, 711, 714, 715, 716, 718], "summary": {"covered_lines": 30, "num_statements": 268, "percent_covered": 11.194029850746269, "percent_covered_display": "11", "missing_lines": 238, "excluded_lines": 0, "percent_statements_covered": 11.194029850746269, "percent_statements_covered_display": "11"}, "missing_lines": [93, 94, 96, 98, 99, 102, 103, 106, 112, 113, 115, 122, 124, 127, 132, 140, 142, 150, 152, 154, 155, 156, 157, 159, 161, 189, 190, 191, 192, 193, 194, 195, 196, 198, 219, 221, 222, 223, 224, 226, 228, 230, 231, 238, 239, 240, 241, 243, 244, 246, 247, 248, 249, 251, 254, 255, 256, 259, 260, 261, 264, 265, 266, 267, 268, 269, 271, 272, 273, 276, 277, 279, 282, 289, 290, 291, 292, 294, 295, 297, 298, 299, 300, 302, 305, 306, 307, 310, 311, 312, 315, 316, 317, 318, 319, 320, 322, 323, 324, 327, 328, 330, 333, 334, 336, 338, 346, 347, 348, 369, 371, 372, 373, 374, 376, 378, 380, 381, 388, 389, 390, 391, 393, 394, 396, 397, 398, 399, 401, 404, 405, 408, 409, 412, 413, 414, 415, 416, 418, 419, 421, 422, 424, 427, 434, 435, 436, 437, 439, 440, 442, 443, 444, 445, 447, 450, 451, 454, 455, 458, 459, 460, 461, 462, 464, 465, 467, 468, 470, 473, 474, 476, 478, 486, 487, 488, 509, 513, 514, 515, 516, 518, 520, 522, 523, 530, 536, 538, 539, 540, 541, 543, 546, 547, 550, 551, 554, 555, 556, 557, 558, 560, 561, 564, 571, 577, 579, 580, 581, 582, 584, 587, 588, 591, 592, 595, 596, 597, 598, 599, 601, 602, 605, 606, 608, 610, 618, 619, 620, 639, 642, 643, 644, 645, 646, 647, 651, 653], "excluded_lines": [], "start_line": 39}, "": {"executed_lines": [16, 17, 18, 19, 20, 22, 23, 25, 26, 27, 28, 30, 33, 36, 39, 52, 66, 172, 200, 350, 490, 622, 655, 674, 683], "summary": {"covered_lines": 25, "num_statements": 25, "percent_covered": 100.0, "percent_covered_display": "100", "missing_lines": 0, "excluded_lines": 0, "percent_statements_covered": 100.0, "percent_statements_covered_display": "100"}, "missing_lines": [], "excluded_lines": [], "start_line": 1}}}, "src/vibe_quality_searcharr/services/sonarr.py": {"executed_lines": [20, 21, 23, 24, 25, 32, 34, 37, 40, 43, 46, 49, 52, 55, 58, 61, 64, 67, 82, 103, 104, 106, 107, 110, 111, 112, 113, 116, 117, 118, 121, 123, 131, 133, 134, 136, 138, 140, 142, 143, 152, 154, 156, 157, 158, 159, 161, 167, 168, 170, 171, 172, 178, 180, 182, 184, 190, 215, 216, 218, 220, 221, 223, 230, 232, 241, 242, 243, 246, 247, 248, 251, 252, 253, 259, 262, 263, 264, 270, 273, 276, 278, 279, 280, 282, 283, 284, 286, 295, 296, 297, 299, 318, 319, 320, 321, 323, 325, 332, 339, 340, 341, 348, 358, 360, 386, 393, 395, 402, 404, 426, 433, 435, 442, 444, 458, 459, 461, 466, 468, 475, 477, 490, 495, 497, 504, 506, 516, 518, 524, 526, 539, 540, 541, 542, 544, 545, 551, 553, 566, 568, 575], "summary": {"covered_lines": 142, "num_statements": 144, "percent_covered": 98.61111111111111, "percent_covered_display": "99", "missing_lines": 2, "excluded_lines": 0, "percent_statements_covered": 98.61111111111111, "percent_statements_covered_display": "99"}, "missing_lines": [287, 293], "excluded_lines": [], "functions": {"SonarrClient.__init__": {"executed_lines": [103, 104, 106, 107, 110, 111, 112, 113, 116, 117, 118, 121, 123], "summary": {"covered_lines": 13, "num_statements": 13, "percent_covered": 100.0, "percent_covered_display": "100", "missing_lines": 0, "excluded_lines": 0, "percent_statements_covered": 100.0, "percent_statements_covered_display": "100"}, "missing_lines": [], "excluded_lines": [], "start_line": 82}, "SonarrClient.__aenter__": {"executed_lines": [133, 134], "summary": {"covered_lines": 2, "num_statements": 2, "percent_covered": 100.0, "percent_covered_display": "100", "missing_lines": 0, "excluded_lines": 0, "percent_statements_covered": 100.0, "percent_statements_covered_display": "100"}, "missing_lines": [], "excluded_lines": [], "start_line": 131}, "SonarrClient.__aexit__": {"executed_lines": [138], "summary": {"covered_lines": 1, "num_statements": 1, "percent_covered": 100.0, "percent_covered_display": "100", "missing_lines": 0, "excluded_lines": 0, "percent_statements_covered": 100.0, "percent_statements_covered_display": "100"}, "missing_lines": [], "excluded_lines": [], "start_line": 136}, "SonarrClient._ensure_client": {"executed_lines": [142, 143, 152], "summary": {"covered_lines": 3, "num_statements": 3, "percent_covered": 100.0, "percent_covered_display": "100", "missing_lines": 0, "excluded_lines": 0, "percent_statements_covered": 100.0, "percent_statements_covered_display": "100"}, "missing_lines": [], "excluded_lines": [], "start_line": 140}, "SonarrClient.close": {"executed_lines": [156, 157, 158, 159], "summary": {"covered_lines": 4, "num_statements": 4, "percent_covered": 100.0, "percent_covered_display": "100", "missing_lines": 0, "excluded_lines": 0, "percent_statements_covered": 100.0, "percent_statements_covered_display": "100"}, "missing_lines": [], "excluded_lines": [], "start_line": 154}, "SonarrClient._rate_limit": {"executed_lines": [167, 168, 170, 171, 172, 178, 180, 182], "summary": {"covered_lines": 8, "num_statements": 8, "percent_covered": 100.0, "percent_covered_display": "100", "missing_lines": 0, "excluded_lines": 0, "percent_statements_covered": 100.0, "percent_statements_covered_display": "100"}, "missing_lines": [], "excluded_lines": [], "start_line": 161}, "SonarrClient._request": {"executed_lines": [215, 216, 218, 220, 221, 223, 230, 232, 241, 242, 243, 246, 247, 248, 251, 252, 253, 259, 262, 263, 264, 270, 273, 276, 278, 279, 280, 282, 283, 284, 286, 295, 296, 297], "summary": {"covered_lines": 34, "num_statements": 36, "percent_covered": 94.44444444444444, "percent_covered_display": "94", "missing_lines": 2, "excluded_lines": 0, "percent_statements_covered": 94.44444444444444, "percent_statements_covered_display": "94"}, "missing_lines": [287, 293], "excluded_lines": [], "start_line": 190}, "SonarrClient.test_connection": {"executed_lines": [318, 319, 320, 321, 323, 325, 332, 339, 340, 341], "summary": {"covered_lines": 10, "num_statements": 10, "percent_covered": 100.0, "percent_covered_display": "100", "missing_lines": 0, "excluded_lines": 0, "percent_statements_covered": 100.0, "percent_statements_covered_display": "100"}, "missing_lines": [], "excluded_lines": [], "start_line": 299}, "SonarrClient.get_system_status": {"executed_lines": [358], "summary": {"covered_lines": 1, "num_statements": 1, "percent_covered": 100.0, "percent_covered_display": "100", "missing_lines": 0, "excluded_lines": 0, "percent_statements_covered": 100.0, "percent_statements_covered_display": "100"}, "missing_lines": [], "excluded_lines": [], "start_line": 348}, "SonarrClient.get_wanted_missing": {"executed_lines": [386, 393, 395, 402], "summary": {"covered_lines": 4, "num_statements": 4, "percent_covered": 100.0, "percent_covered_display": "100", "missing_lines": 0, "excluded_lines": 0, "percent_statements_covered": 100.0, "percent_statements_covered_display": "100"}, "missing_lines": [], "excluded_lines": [], "start_line": 360}, "SonarrClient.get_wanted_cutoff": {"executed_lines": [426, 433, 435, 442], "summary": {"covered_lines": 4, "num_statements": 4, "percent_covered": 100.0, "percent_covered_display": "100", "missing_lines": 0, "excluded_lines": 0, "percent_statements_covered": 100.0, "percent_statements_covered_display": "100"}, "missing_lines": [], "excluded_lines": [], "start_line": 404}, "SonarrClient.search_episodes": {"executed_lines": [458, 459, 461, 466, 468, 475], "summary": {"covered_lines": 6, "num_statements": 6, "percent_covered": 100.0, "percent_covered_display": "100", "missing_lines": 0, "excluded_lines": 0, "percent_statements_covered": 100.0, "percent_statements_covered_display": "100"}, "missing_lines": [], "excluded_lines": [], "start_line": 444}, "SonarrClient.search_series": {"executed_lines": [490, 495, 497, 504], "summary": {"covered_lines": 4, "num_statements": 4, "percent_covered": 100.0, "percent_covered_display": "100", "missing_lines": 0, "excluded_lines": 0, "percent_statements_covered": 100.0, "percent_statements_covered_display": "100"}, "missing_lines": [], "excluded_lines": [], "start_line": 477}, "SonarrClient.get_quality_profiles": {"executed_lines": [516, 518, 524], "summary": {"covered_lines": 3, "num_statements": 3, "percent_covered": 100.0, "percent_covered_display": "100", "missing_lines": 0, "excluded_lines": 0, "percent_statements_covered": 100.0, "percent_statements_covered_display": "100"}, "missing_lines": [], "excluded_lines": [], "start_line": 506}, "SonarrClient.get_series": {"executed_lines": [539, 540, 541, 542, 544, 545, 551], "summary": {"covered_lines": 7, "num_statements": 7, "percent_covered": 100.0, "percent_covered_display": "100", "missing_lines": 0, "excluded_lines": 0, "percent_statements_covered": 100.0, "percent_statements_covered_display": "100"}, "missing_lines": [], "excluded_lines": [], "start_line": 526}, "SonarrClient.get_command_status": {"executed_lines": [566, 568, 575], "summary": {"covered_lines": 3, "num_statements": 3, "percent_covered": 100.0, "percent_covered_display": "100", "missing_lines": 0, "excluded_lines": 0, "percent_statements_covered": 100.0, "percent_statements_covered_display": "100"}, "missing_lines": [], "excluded_lines": [], "start_line": 553}, "": {"executed_lines": [20, 21, 23, 24, 25, 32, 34, 37, 40, 43, 46, 49, 52, 55, 58, 61, 64, 67, 82, 131, 136, 140, 154, 161, 184, 190, 299, 348, 360, 404, 444, 477, 506, 526, 553], "summary": {"covered_lines": 35, "num_statements": 35, "percent_covered": 100.0, "percent_covered_display": "100", "missing_lines": 0, "excluded_lines": 0, "percent_statements_covered": 100.0, "percent_statements_covered_display": "100"}, "missing_lines": [], "excluded_lines": [], "start_line": 1}}, "classes": {"SonarrError": {"executed_lines": [], "summary": {"covered_lines": 0, "num_statements": 0, "percent_covered": 100.0, "percent_covered_display": "100", "missing_lines": 0, "excluded_lines": 0, "percent_statements_covered": 100.0, "percent_statements_covered_display": "100"}, "missing_lines": [], "excluded_lines": [], "start_line": 37}, "SonarrConnectionError": {"executed_lines": [], "summary": {"covered_lines": 0, "num_statements": 0, "percent_covered": 100.0, "percent_covered_display": "100", "missing_lines": 0, "excluded_lines": 0, "percent_statements_covered": 100.0, "percent_statements_covered_display": "100"}, "missing_lines": [], "excluded_lines": [], "start_line": 43}, "SonarrAuthenticationError": {"executed_lines": [], "summary": {"covered_lines": 0, "num_statements": 0, "percent_covered": 100.0, "percent_covered_display": "100", "missing_lines": 0, "excluded_lines": 0, "percent_statements_covered": 100.0, "percent_statements_covered_display": "100"}, "missing_lines": [], "excluded_lines": [], "start_line": 49}, "SonarrAPIError": {"executed_lines": [], "summary": {"covered_lines": 0, "num_statements": 0, "percent_covered": 100.0, "percent_covered_display": "100", "missing_lines": 0, "excluded_lines": 0, "percent_statements_covered": 100.0, "percent_statements_covered_display": "100"}, "missing_lines": [], "excluded_lines": [], "start_line": 55}, "SonarrRateLimitError": {"executed_lines": [], "summary": {"covered_lines": 0, "num_statements": 0, "percent_covered": 100.0, "percent_covered_display": "100", "missing_lines": 0, "excluded_lines": 0, "percent_statements_covered": 100.0, "percent_statements_covered_display": "100"}, "missing_lines": [], "excluded_lines": [], "start_line": 61}, "SonarrClient": {"executed_lines": [103, 104, 106, 107, 110, 111, 112, 113, 116, 117, 118, 121, 123, 133, 134, 138, 142, 143, 152, 156, 157, 158, 159, 167, 168, 170, 171, 172, 178, 180, 182, 215, 216, 218, 220, 221, 223, 230, 232, 241, 242, 243, 246, 247, 248, 251, 252, 253, 259, 262, 263, 264, 270, 273, 276, 278, 279, 280, 282, 283, 284, 286, 295, 296, 297, 318, 319, 320, 321, 323, 325, 332, 339, 340, 341, 358, 386, 393, 395, 402, 426, 433, 435, 442, 458, 459, 461, 466, 468, 475, 490, 495, 497, 504, 516, 518, 524, 539, 540, 541, 542, 544, 545, 551, 566, 568, 575], "summary": {"covered_lines": 107, "num_statements": 109, "percent_covered": 98.1651376146789, "percent_covered_display": "98", "missing_lines": 2, "excluded_lines": 0, "percent_statements_covered": 98.1651376146789, "percent_statements_covered_display": "98"}, "missing_lines": [287, 293], "excluded_lines": [], "start_line": 67}, "": {"executed_lines": [20, 21, 23, 24, 25, 32, 34, 37, 40, 43, 46, 49, 52, 55, 58, 61, 64, 67, 82, 131, 136, 140, 154, 161, 184, 190, 299, 348, 360, 404, 444, 477, 506, 526, 553], "summary": {"covered_lines": 35, "num_statements": 35, "percent_covered": 100.0, "percent_covered_display": "100", "missing_lines": 0, "excluded_lines": 0, "percent_statements_covered": 100.0, "percent_statements_covered_display": "100"}, "missing_lines": [], "excluded_lines": [], "start_line": 1}}}}, "totals": {"covered_lines": 1716, "num_statements": 3026, "percent_covered": 56.70852610707204, "percent_covered_display": "57", "missing_lines": 1310, "excluded_lines": 40, "percent_statements_covered": 56.70852610707204, "percent_statements_covered_display": "57"}}